"../../../Engine/Content/Animation/DefaultAnimBoneCompressionSettings.uasset" 0
"D:/Documents/Unreal Projects/ShooterGame/Content/Characters/UE4_Mannequin/Mesh/SKEL_Mannequin.uasset" 1
"D:/Documents/Unreal Projects/ShooterGame/Content/Animations/A_Crouch_to_Stand_Rifle_Hip.uasset" 2
"D:/Documents/Unreal Projects/ShooterGame/Content/Animations/A_Crouch_to_Stand_Rifle_Ironsights.uasset" 3
"D:/Documents/Unreal Projects/ShooterGame/Content/Animations/A_Idle_Rifle_Hip.uasset" 4
"D:/Documents/Unreal Projects/ShooterGame/Content/Animations/A_Hit_React_Hip.uasset" 5
"D:/Documents/Unreal Projects/ShooterGame/Content/Animations/A_Idle_Rifle_Ironsights.uasset" 6
"D:/Documents/Unreal Projects/ShooterGame/Content/Animations/A_Hit_React_Ironsights.uasset" 7
"D:/Documents/Unreal Projects/ShooterGame/Content/Animations/A_Idle_Sprint_Rifle.uasset" 8
"D:/Documents/Unreal Projects/ShooterGame/Content/Animations/A_Stand_to_Crouch_Rifle_Hip.uasset" 9
"D:/Documents/Unreal Projects/ShooterGame/Content/Animations/A_Stand_to_Crouch_Rifle_Ironsights.uasset" 10
"D:/Documents/Unreal Projects/ShooterGame/Content/Animations/AimOffset/A_Rifle_Hip_CC.uasset" 11
"D:/Documents/Unreal Projects/ShooterGame/Content/Animations/AimOffset/A_Rifle_Hip_CD.uasset" 12
"D:/Documents/Unreal Projects/ShooterGame/Content/Animations/AimOffset/A_Rifle_Hip_CL.uasset" 13
"D:/Documents/Unreal Projects/ShooterGame/Content/Animations/AimOffset/A_Rifle_Hip_CR.uasset" 14
"D:/Documents/Unreal Projects/ShooterGame/Content/Animations/AimOffset/A_Rifle_Hip_CU.uasset" 15
"D:/Documents/Unreal Projects/ShooterGame/Content/Animations/AimOffset/A_Rifle_Hip_DL.uasset" 16
"D:/Documents/Unreal Projects/ShooterGame/Content/Animations/AimOffset/A_Rifle_Hip_DR.uasset" 17
"D:/Documents/Unreal Projects/ShooterGame/Content/Animations/AimOffset/A_Rifle_Hip_UL.uasset" 18
"D:/Documents/Unreal Projects/ShooterGame/Content/Animations/AimOffset/A_Rifle_Hip_UR.uasset" 19
"D:/Documents/Unreal Projects/ShooterGame/Content/Animations/AimOffset/AO_Rifle_Hip_2D.uasset" 20
"D:/Documents/Unreal Projects/ShooterGame/Content/Animations/AimOffset/A_Rifle_Ironsights_CC.uasset" 21
"D:/Documents/Unreal Projects/ShooterGame/Content/Animations/AimOffset/A_Rifle_Ironsights_CD.uasset" 22
"D:/Documents/Unreal Projects/ShooterGame/Content/Animations/AimOffset/A_Rifle_Ironsights_CL.uasset" 23
"D:/Documents/Unreal Projects/ShooterGame/Content/Animations/AimOffset/A_Rifle_Ironsights_CR.uasset" 24
"D:/Documents/Unreal Projects/ShooterGame/Content/Animations/AimOffset/A_Rifle_Ironsights_CU.uasset" 25
"D:/Documents/Unreal Projects/ShooterGame/Content/Animations/AimOffset/A_Rifle_Ironsights_DL.uasset" 26
"D:/Documents/Unreal Projects/ShooterGame/Content/Animations/AimOffset/A_Rifle_Ironsights_DR.uasset" 27
"D:/Documents/Unreal Projects/ShooterGame/Content/Animations/AimOffset/A_Rifle_Ironsights_UL.uasset" 28
"D:/Documents/Unreal Projects/ShooterGame/Content/Animations/AimOffset/A_Rifle_Ironsights_UR.uasset" 29
"D:/Documents/Unreal Projects/ShooterGame/Content/Animations/AimOffset/AO_Rifle_Ironsights_2D.uasset" 30
"D:/Documents/Unreal Projects/ShooterGame/Content/Animations/AimOffset/A_Aim_Space_Hip.uasset" 31
"D:/Documents/Unreal Projects/ShooterGame/Content/Animations/AimOffset/A_Aim_Space_Ironsights.uasset" 32
"D:/Documents/Unreal Projects/ShooterGame/Content/Animations/A_Pistol_Equip.uasset" 33
"D:/Documents/Unreal Projects/ShooterGame/Content/Animations/Montages/AM_Weapon_Equip.uasset" 34
"D:/Documents/Unreal Projects/ShooterGame/Content/Animations/A_Fire_Rifle_Hip.uasset" 35
"D:/Documents/Unreal Projects/ShooterGame/Content/Animations/Montages/AM_Weapon_Hip_Fire_Rifle.uasset" 36
"D:/Documents/Unreal Projects/ShooterGame/Content/Animations/A_Reload_Rifle_Hip.uasset" 37
"D:/Documents/Unreal Projects/ShooterGame/Content/Animations/Montages/AM_Weapon_Hip_Reload_Rifle.uasset" 38
"D:/Documents/Unreal Projects/ShooterGame/Content/Animations/A_Fire_Shotgun_Ironsights.uasset" 39
"D:/Documents/Unreal Projects/ShooterGame/Content/Animations/Montages/AM_Weapon_Ironsights_Fire_Shotgun.uasset" 40
"D:/Documents/Unreal Projects/ShooterGame/Content/Animations/A_Reload_Rifle_Ironsights.uasset" 41
"D:/Documents/Unreal Projects/ShooterGame/Content/Animations/Montages/AM_Weapon_Ironsights_Reload_Rifle.uasset" 42
"D:/Documents/Unreal Projects/ShooterGame/Content/Animations/A_Pistol_PutAway.uasset" 43
"D:/Documents/Unreal Projects/ShooterGame/Content/Animations/Montages/AM_Weapon_Putaway.uasset" 44
"D:/Documents/Unreal Projects/ShooterGame/Content/Animations/A_Reload_Pistol.uasset" 45
"D:/Documents/Unreal Projects/ShooterGame/Content/Animations/Montages/AM_Weapon_Reload_Pistol.uasset" 46
"D:/Documents/Unreal Projects/ShooterGame/Content/Animations/A_Fire_Rifle_Ironsights.uasset" 47
"D:/Documents/Unreal Projects/ShooterGame/Content/Animations/Montages/AM_Weapon_Ironsights_Fire_Rifle.uasset" 48
"D:/Documents/Unreal Projects/ShooterGame/Content/MilitaryWeapSilver/FX/Textures/T_SmokeRibbon_01.uasset" 49
"D:/Documents/Unreal Projects/ShooterGame/Content/MilitaryWeapSilver/FX/Materials/M_SmokeRibbon_01.uasset" 50
"D:/Documents/Unreal Projects/ShooterGame/Content/MilitaryWeapSilver/FX/Materials/M_Tracer_A.uasset" 51
"D:/Documents/Unreal Projects/ShooterGame/Content/MilitaryWeapSilver/FX/Meshes/St_Tracer_A.uasset" 52
"D:/Documents/Unreal Projects/ShooterGame/Content/MilitaryWeapSilver/FX/P_AssaultRifle_Tracer_01.uasset" 53
"D:/Documents/Unreal Projects/ShooterGame/Content/MilitaryWeapSilver/FX/Textures/T_Ember_01.uasset" 54
"D:/Documents/Unreal Projects/ShooterGame/Content/MilitaryWeapSilver/FX/Materials/M_Ember_Speed_01.uasset" 55
"D:/Documents/Unreal Projects/ShooterGame/Content/MilitaryWeapSilver/FX/Textures/T_Smoke_8x8_B_01.uasset" 56
"D:/Documents/Unreal Projects/ShooterGame/Content/MilitaryWeapSilver/FX/Textures/T_Spherical_NormalMap_01.uasset" 57
"D:/Documents/Unreal Projects/ShooterGame/Content/MilitaryWeapSilver/FX/Materials/M_Smoke_8x8_B_01.uasset" 58
"D:/Documents/Unreal Projects/ShooterGame/Content/MilitaryWeapSilver/FX/Textures/T_SparkImpacts_2x2_01.uasset" 59
"D:/Documents/Unreal Projects/ShooterGame/Content/MilitaryWeapSilver/FX/Materials/M_SparksImpact_2x2_01.uasset" 60
"D:/Documents/Unreal Projects/ShooterGame/Content/MilitaryWeapSilver/FX/Textures/T_Pistol_Streaks_01.uasset" 61
"D:/Documents/Unreal Projects/ShooterGame/Content/MilitaryWeapSilver/FX/Materials/M_Pistol_Streaks_01.uasset" 62
"D:/Documents/Unreal Projects/ShooterGame/Content/MilitaryWeapSilver/FX/Textures/T_Sparks_02.uasset" 63
"D:/Documents/Unreal Projects/ShooterGame/Content/MilitaryWeapSilver/FX/Materials/M_Sparks_02.uasset" 64
"D:/Documents/Unreal Projects/ShooterGame/Content/MilitaryWeapSilver/FX/P_Impact_Metal_Medium_01.uasset" 65
"D:/Documents/Unreal Projects/ShooterGame/Content/MilitaryWeapSilver/Sound/Attenuation/ProjectileImpact_att.uasset" 66
"D:/Documents/Unreal Projects/ShooterGame/Content/MilitaryWeapSilver/Sound/Rifle/Wavs/Rifle_ImpactSurface01.uasset" 67
"D:/Documents/Unreal Projects/ShooterGame/Content/MilitaryWeapSilver/Sound/Rifle/Wavs/Rifle_ImpactSurface02.uasset" 68
"D:/Documents/Unreal Projects/ShooterGame/Content/MilitaryWeapSilver/Sound/Rifle/Wavs/Rifle_ImpactSurface03.uasset" 69
"D:/Documents/Unreal Projects/ShooterGame/Content/MilitaryWeapSilver/Sound/Rifle/Wavs/Rifle_ImpactSurface04.uasset" 70
"D:/Documents/Unreal Projects/ShooterGame/Content/MilitaryWeapSilver/Sound/Rifle/Wavs/Rifle_ImpactSurface05.uasset" 71
"D:/Documents/Unreal Projects/ShooterGame/Content/MilitaryWeapSilver/Sound/Rifle/Wavs/Rifle_ImpactSurface06.uasset" 72
"D:/Documents/Unreal Projects/ShooterGame/Content/MilitaryWeapSilver/Sound/Rifle/Cues/Rifle_ImpactSurface_Cue.uasset" 73
"D:/Documents/Unreal Projects/ShooterGame/Content/Blueprints/Weapons/BP_AutoRifleProjectile.uasset" 74
"D:/Documents/Unreal Projects/ShooterGame/Content/MilitaryWeapSilver/FX/Textures/T_AssaultRifle_MuzzleFlashes_01.uasset" 75
"D:/Documents/Unreal Projects/ShooterGame/Content/MilitaryWeapSilver/FX/Materials/M_AssaultRifle_MuzzleFlash_4x1.uasset" 76
"../../../Engine/Content/Functions/Engine_MaterialFunctions02/Fresnel_Function.uasset" 77
"../../../Engine/Content/Functions/Engine_MaterialFunctions02/Fresnel.uasset" 78
"D:/Documents/Unreal Projects/ShooterGame/Content/MilitaryWeapSilver/FX/Materials/M_GlowSphere_01.uasset" 79
"D:/Documents/Unreal Projects/ShooterGame/Content/MilitaryWeapSilver/FX/Textures/T_FL_Detail_01.uasset" 80
"D:/Documents/Unreal Projects/ShooterGame/Content/MilitaryWeapSilver/FX/Textures/T_Pistol_Smoke_2x2_A.uasset" 81
"D:/Documents/Unreal Projects/ShooterGame/Content/MilitaryWeapSilver/FX/Materials/M_Pistol_Smoke_2x2_A.uasset" 82
"D:/Documents/Unreal Projects/ShooterGame/Content/MilitaryWeapSilver/FX/Meshes/St_Sphere_01.uasset" 83
"D:/Documents/Unreal Projects/ShooterGame/Content/MilitaryWeapSilver/FX/P_AssaultRifle_MuzzleFlash.uasset" 84
"D:/Documents/Unreal Projects/ShooterGame/Content/MilitaryWeapSilver/Sound/Attenuation/WeaponShot_att.uasset" 85
"D:/Documents/Unreal Projects/ShooterGame/Content/MilitaryWeapSilver/Sound/Rifle/Wavs/RifleA_Fire01.uasset" 86
"D:/Documents/Unreal Projects/ShooterGame/Content/MilitaryWeapSilver/Sound/Rifle/Wavs/RifleA_Fire02.uasset" 87
"D:/Documents/Unreal Projects/ShooterGame/Content/MilitaryWeapSilver/Sound/Rifle/Wavs/RifleA_Fire03.uasset" 88
"D:/Documents/Unreal Projects/ShooterGame/Content/MilitaryWeapSilver/Sound/Rifle/Wavs/RifleA_Fire04.uasset" 89
"D:/Documents/Unreal Projects/ShooterGame/Content/MilitaryWeapSilver/Sound/Rifle/Wavs/RifleA_Fire05.uasset" 90
"D:/Documents/Unreal Projects/ShooterGame/Content/MilitaryWeapSilver/Sound/Rifle/Wavs/RifleA_Fire06.uasset" 91
"D:/Documents/Unreal Projects/ShooterGame/Content/MilitaryWeapSilver/Sound/Rifle/Wavs/RifleA_Fire_ST01.uasset" 92
"D:/Documents/Unreal Projects/ShooterGame/Content/MilitaryWeapSilver/Sound/Rifle/Wavs/RifleA_Fire_ST02.uasset" 93
"D:/Documents/Unreal Projects/ShooterGame/Content/MilitaryWeapSilver/Sound/Rifle/Wavs/RifleA_Fire_ST03.uasset" 94
"D:/Documents/Unreal Projects/ShooterGame/Content/MilitaryWeapSilver/Sound/Rifle/Wavs/RifleA_Fire_ST04.uasset" 95
"D:/Documents/Unreal Projects/ShooterGame/Content/MilitaryWeapSilver/Sound/Rifle/Wavs/RifleA_Fire_ST05.uasset" 96
"D:/Documents/Unreal Projects/ShooterGame/Content/MilitaryWeapSilver/Sound/Rifle/Wavs/RifleA_Fire_ST06.uasset" 97
"D:/Documents/Unreal Projects/ShooterGame/Content/MilitaryWeapSilver/Sound/Rifle/Cues/RifleA_Fire_Cue.uasset" 98
"D:/Documents/Unreal Projects/ShooterGame/Content/MilitaryWeapSilver/Weapons/Textures/Assault_Rifle_A_Diff.uasset" 99
"D:/Documents/Unreal Projects/ShooterGame/Content/MilitaryWeapSilver/Weapons/Textures/Assault_Rifle_A_masks.uasset" 100
"D:/Documents/Unreal Projects/ShooterGame/Content/MilitaryWeapSilver/Weapons/Textures/Assault_Rifle_A_Norm.uasset" 101
"D:/Documents/Unreal Projects/ShooterGame/Content/MilitaryWeapSilver/Weapons/Materials/M_WeaponMaster_01.uasset" 102
"D:/Documents/Unreal Projects/ShooterGame/Content/MilitaryWeapSilver/Weapons/Materials/M_AssaultRifle_01.uasset" 103
"D:/Documents/Unreal Projects/ShooterGame/Content/MilitaryWeapSilver/Weapons/Assault_Rifle_A_PhysicsAsset.uasset" 104
"D:/Documents/Unreal Projects/ShooterGame/Content/MilitaryWeapSilver/Weapons/Assault_Rifle_A_Skeleton.uasset" 105
"D:/Documents/Unreal Projects/ShooterGame/Content/MilitaryWeapSilver/Weapons/Assault_Rifle_A.uasset" 106
"D:/Documents/Unreal Projects/ShooterGame/Content/Blueprints/Weapons/BP_AutoRifle.uasset" 107
"D:/Documents/Unreal Projects/ShooterGame/Content/Animations/A_Pistol_Fire.uasset" 108
"D:/Documents/Unreal Projects/ShooterGame/Content/Animations/Montages/AM_Weapon_Ironsights_Fire_Pistol.uasset" 109
"D:/Documents/Unreal Projects/ShooterGame/Content/MilitaryWeapSilver/FX/P_Pistol_Tracer_01.uasset" 110
"D:/Documents/Unreal Projects/ShooterGame/Content/MilitaryWeapSilver/Sound/Shotgun/Wavs/Shotgun_ImpactSurface01.uasset" 111
"D:/Documents/Unreal Projects/ShooterGame/Content/MilitaryWeapSilver/Sound/Shotgun/Wavs/Shotgun_ImpactSurface02.uasset" 112
"D:/Documents/Unreal Projects/ShooterGame/Content/MilitaryWeapSilver/Sound/Shotgun/Wavs/Shotgun_ImpactSurface03.uasset" 113
"D:/Documents/Unreal Projects/ShooterGame/Content/MilitaryWeapSilver/Sound/Shotgun/Wavs/Shotgun_ImpactSurface04.uasset" 114
"D:/Documents/Unreal Projects/ShooterGame/Content/MilitaryWeapSilver/Sound/Shotgun/Cues/Shotgun_ImpactSurface_Cue.uasset" 115
"D:/Documents/Unreal Projects/ShooterGame/Content/Blueprints/Weapons/BP_PistolProjectile.uasset" 116
"D:/Documents/Unreal Projects/ShooterGame/Content/MilitaryWeapSilver/FX/Textures/T_Pistol_MuzzleFlashes_4x1_B.uasset" 117
"D:/Documents/Unreal Projects/ShooterGame/Content/MilitaryWeapSilver/FX/Materials/M_Pistol_MuzzleFlash_4x1_A.uasset" 118
"D:/Documents/Unreal Projects/ShooterGame/Content/MilitaryWeapSilver/FX/P_Pistol_MuzzleFlash_01.uasset" 119
"D:/Documents/Unreal Projects/ShooterGame/Content/MilitaryWeapSilver/Sound/Pistol/Wavs/PistolA_Fire01.uasset" 120
"D:/Documents/Unreal Projects/ShooterGame/Content/MilitaryWeapSilver/Sound/Pistol/Wavs/PistolA_Fire02.uasset" 121
"D:/Documents/Unreal Projects/ShooterGame/Content/MilitaryWeapSilver/Sound/Pistol/Wavs/PistolA_Fire03.uasset" 122
"D:/Documents/Unreal Projects/ShooterGame/Content/MilitaryWeapSilver/Sound/Pistol/Wavs/PistolA_Fire04.uasset" 123
"D:/Documents/Unreal Projects/ShooterGame/Content/MilitaryWeapSilver/Sound/Pistol/Wavs/PistolA_Fire05.uasset" 124
"D:/Documents/Unreal Projects/ShooterGame/Content/MilitaryWeapSilver/Sound/Pistol/Wavs/PistolA_Fire06.uasset" 125
"D:/Documents/Unreal Projects/ShooterGame/Content/MilitaryWeapSilver/Sound/Pistol/Wavs/PistolA_Fire_ST01.uasset" 126
"D:/Documents/Unreal Projects/ShooterGame/Content/MilitaryWeapSilver/Sound/Pistol/Wavs/PistolA_Fire_ST02.uasset" 127
"D:/Documents/Unreal Projects/ShooterGame/Content/MilitaryWeapSilver/Sound/Pistol/Wavs/PistolA_Fire_ST03.uasset" 128
"D:/Documents/Unreal Projects/ShooterGame/Content/MilitaryWeapSilver/Sound/Pistol/Wavs/PistolA_Fire_ST04.uasset" 129
"D:/Documents/Unreal Projects/ShooterGame/Content/MilitaryWeapSilver/Sound/Pistol/Wavs/PistolA_Fire_ST05.uasset" 130
"D:/Documents/Unreal Projects/ShooterGame/Content/MilitaryWeapSilver/Sound/Pistol/Wavs/PistolA_Fire_ST06.uasset" 131
"D:/Documents/Unreal Projects/ShooterGame/Content/MilitaryWeapSilver/Sound/Pistol/Cues/PistolA_Fire_Cue.uasset" 132
"D:/Documents/Unreal Projects/ShooterGame/Content/MilitaryWeapSilver/Weapons/Textures/Pistols_A_Diff.uasset" 133
"D:/Documents/Unreal Projects/ShooterGame/Content/MilitaryWeapSilver/Weapons/Textures/Pistols_A_Masks.uasset" 134
"D:/Documents/Unreal Projects/ShooterGame/Content/MilitaryWeapSilver/Weapons/Textures/Pistols_A_Norm.uasset" 135
"D:/Documents/Unreal Projects/ShooterGame/Content/MilitaryWeapSilver/Weapons/Materials/M_Pistol_01.uasset" 136
"D:/Documents/Unreal Projects/ShooterGame/Content/MilitaryWeapSilver/Weapons/Pistols_A_PhysicsAsset.uasset" 137
"D:/Documents/Unreal Projects/ShooterGame/Content/MilitaryWeapSilver/Weapons/Pistols_A_Skeleton.uasset" 138
"D:/Documents/Unreal Projects/ShooterGame/Content/MilitaryWeapSilver/Weapons/Pistols_A.uasset" 139
"D:/Documents/Unreal Projects/ShooterGame/Content/Blueprints/Weapons/BP_Pistol.uasset" 140
"D:/Documents/Unreal Projects/ShooterGame/Content/MilitaryWeapSilver/FX/Textures/T_Debris_Tileable_01.uasset" 141
"D:/Documents/Unreal Projects/ShooterGame/Content/MilitaryWeapSilver/FX/Materials/M_Debris_Tileable_01.uasset" 142
"D:/Documents/Unreal Projects/ShooterGame/Content/MilitaryWeapSilver/FX/Textures/T_LightRay_01.uasset" 143
"D:/Documents/Unreal Projects/ShooterGame/Content/MilitaryWeapSilver/FX/Materials/M_LightRay_01.uasset" 144
"D:/Documents/Unreal Projects/ShooterGame/Content/MilitaryWeapSilver/FX/Textures/T_RockSmall_01.uasset" 145
"D:/Documents/Unreal Projects/ShooterGame/Content/MilitaryWeapSilver/FX/Materials/M_RockSmall_01.uasset" 146
"D:/Documents/Unreal Projects/ShooterGame/Content/MilitaryWeapSilver/FX/Textures/T_Shockwave_NormalMap_01.uasset" 147
"D:/Documents/Unreal Projects/ShooterGame/Content/MilitaryWeapSilver/FX/Materials/M_Shockwave_Refraction_01.uasset" 148
"D:/Documents/Unreal Projects/ShooterGame/Content/MilitaryWeapSilver/FX/Textures/T_Explosion_8x8_Density_01.uasset" 149
"D:/Documents/Unreal Projects/ShooterGame/Content/MilitaryWeapSilver/FX/Textures/T_Explosion_8x8_Erode_01.uasset" 150
"D:/Documents/Unreal Projects/ShooterGame/Content/MilitaryWeapSilver/FX/Textures/T_Explosion_8x8_Temperature_01.uasset" 151
"D:/Documents/Unreal Projects/ShooterGame/Content/MilitaryWeapSilver/FX/Textures/T_Explosion_Macro_01.uasset" 152
"D:/Documents/Unreal Projects/ShooterGame/Content/MilitaryWeapSilver/FX/Materials/M_Explosion_8x8_A_01.uasset" 153
"D:/Documents/Unreal Projects/ShooterGame/Content/MilitaryWeapSilver/FX/Materials/M_RocketExplosion_8x8_A_01_Inst.uasset" 154
"D:/Documents/Unreal Projects/ShooterGame/Content/MilitaryWeapSilver/FX/Materials/M_Smoke_8x8_B_01_Inst.uasset" 155
"D:/Documents/Unreal Projects/ShooterGame/Content/MilitaryWeapSilver/FX/P_Grenade_Explosion_01.uasset" 156
"D:/Documents/Unreal Projects/ShooterGame/Content/MilitaryWeapSilver/FX/P_Grenade_Trail_01.uasset" 157
"D:/Documents/Unreal Projects/ShooterGame/Content/MilitaryWeapSilver/FX/Vector_Fields/VF_Turbulence_01.uasset" 158
"D:/Documents/Unreal Projects/ShooterGame/Content/MilitaryWeapSilver/FX/P_Impact_Metal_Large_01.uasset" 159
"D:/Documents/Unreal Projects/ShooterGame/Content/MilitaryWeapSilver/FX/P_Impact_Metal_Small_01.uasset" 160
"D:/Documents/Unreal Projects/ShooterGame/Content/MilitaryWeapSilver/FX/Textures/T_Rock_Normal_01.uasset" 161
"D:/Documents/Unreal Projects/ShooterGame/Content/MilitaryWeapSilver/FX/Materials/M_RockMesh_01.uasset" 162
"D:/Documents/Unreal Projects/ShooterGame/Content/MilitaryWeapSilver/FX/Meshes/St_Rock_01.uasset" 163
"D:/Documents/Unreal Projects/ShooterGame/Content/MilitaryWeapSilver/FX/P_Impact_Stone_Large_01.uasset" 164
"D:/Documents/Unreal Projects/ShooterGame/Content/MilitaryWeapSilver/FX/P_Impact_Stone_Medium_01.uasset" 165
"D:/Documents/Unreal Projects/ShooterGame/Content/MilitaryWeapSilver/FX/P_Impact_Stone_Small_01.uasset" 166
"D:/Documents/Unreal Projects/ShooterGame/Content/MilitaryWeapSilver/FX/Textures/T_WoodChips_8x1_01.uasset" 167
"D:/Documents/Unreal Projects/ShooterGame/Content/MilitaryWeapSilver/FX/Textures/T_WoodChips_8x1_Normal_01.uasset" 168
"D:/Documents/Unreal Projects/ShooterGame/Content/MilitaryWeapSilver/FX/Materials/M_Woodchips_8x1_01.uasset" 169
"D:/Documents/Unreal Projects/ShooterGame/Content/MilitaryWeapSilver/FX/P_Impact_Wood_Large_01.uasset" 170
"D:/Documents/Unreal Projects/ShooterGame/Content/MilitaryWeapSilver/FX/P_Impact_Wood_Medium_01.uasset" 171
"D:/Documents/Unreal Projects/ShooterGame/Content/MilitaryWeapSilver/FX/P_Impact_Wood_Small_01.uasset" 172
"D:/Documents/Unreal Projects/ShooterGame/Content/MilitaryWeapSilver/FX/Textures/T_Knife_RibbonTrail_01.uasset" 173
"D:/Documents/Unreal Projects/ShooterGame/Content/MilitaryWeapSilver/FX/Textures/T_Knife_RibbonTrail_Refraction_01.uasset" 174
"D:/Documents/Unreal Projects/ShooterGame/Content/MilitaryWeapSilver/FX/Textures/T_NormalNoise_01.uasset" 175
"D:/Documents/Unreal Projects/ShooterGame/Content/MilitaryWeapSilver/FX/Materials/M_Knife_RibbonTrail_01.uasset" 176
"D:/Documents/Unreal Projects/ShooterGame/Content/MilitaryWeapSilver/FX/P_Knife_RibbonTrail_01.uasset" 177
"D:/Documents/Unreal Projects/ShooterGame/Content/MilitaryWeapSilver/FX/P_RocketLauncher_Explosion_01.uasset" 178
"D:/Documents/Unreal Projects/ShooterGame/Content/MilitaryWeapSilver/FX/Materials/M_RocketLauncher_Trail_01_Inst.uasset" 179
"D:/Documents/Unreal Projects/ShooterGame/Content/MilitaryWeapSilver/FX/P_RocketLauncher_Trail_01.uasset" 180
"D:/Documents/Unreal Projects/ShooterGame/Content/MilitaryWeapSilver/FX/P_Shotgun_Tracer_01.uasset" 181
"D:/Documents/Unreal Projects/ShooterGame/Content/MilitaryWeapSilver/FX/P_SniperRifle_MuzzleFlash_01.uasset" 182
"D:/Documents/Unreal Projects/ShooterGame/Content/MilitaryWeapSilver/FX/P_SniperRifle_Tracer_01.uasset" 183
"D:/Documents/Unreal Projects/ShooterGame/Content/MilitaryWeapSilver/FX/Materials/M_RocketLauncher_Trail_02_Inst.uasset" 184
"D:/Documents/Unreal Projects/ShooterGame/Content/MilitaryWeapSilver/FX/Textures/T_SmokeSimple_01.uasset" 185
"D:/Documents/Unreal Projects/ShooterGame/Content/MilitaryWeapSilver/FX/Materials/M_SmokeSimple_01.uasset" 186
"D:/Documents/Unreal Projects/ShooterGame/Content/MilitaryWeapSilver/FX/Textures/T_Sparks_4x1_01.uasset" 187
"D:/Documents/Unreal Projects/ShooterGame/Content/MilitaryWeapSilver/FX/Materials/M_Sparks_4x1_01.uasset" 188
"D:/Documents/Unreal Projects/ShooterGame/Content/MilitaryWeapSilver/FX/Textures/T_Explosion_8x8_A_01.uasset" 189
"D:/Documents/Unreal Projects/ShooterGame/Content/MilitaryWeapSilver/FX/Textures/T_Explosion_8x8_A_02.uasset" 190
"D:/Documents/Unreal Projects/ShooterGame/Content/MilitaryWeapSilver/FX/Textures/T_FrameClamp.uasset" 191
"D:/Documents/Unreal Projects/ShooterGame/Content/MilitaryWeapSilver/FX/Textures/T_Grit_01.uasset" 192
"D:/Documents/Unreal Projects/ShooterGame/Content/MilitaryWeapSilver/FX/Textures/T_Pistol_MuzzleFlashes_4x1_A.uasset" 193
"D:/Documents/Unreal Projects/ShooterGame/Content/MilitaryWeapSilver/Pickups/Textures/Pickup_Diff.uasset" 194
"D:/Documents/Unreal Projects/ShooterGame/Content/MilitaryWeapSilver/Pickups/Textures/Pickup_Masks.uasset" 195
"D:/Documents/Unreal Projects/ShooterGame/Content/MilitaryWeapSilver/Pickups/Textures/Pickup_Norm.uasset" 196
"D:/Documents/Unreal Projects/ShooterGame/Content/MilitaryWeapSilver/Pickups/Materials/M_Pickups_Inst.uasset" 197
"D:/Documents/Unreal Projects/ShooterGame/Content/MilitaryWeapSilver/Pickups/AssaultRifle_Pickup.uasset" 198
"D:/Documents/Unreal Projects/ShooterGame/Content/MilitaryWeapSilver/Pickups/GrenadeLauncher_Pickup.uasset" 199
"D:/Documents/Unreal Projects/ShooterGame/Content/MilitaryWeapSilver/Pickups/Pistol_Pickup.uasset" 200
"D:/Documents/Unreal Projects/ShooterGame/Content/MilitaryWeapSilver/Pickups/RocketLauncher_Pickup.uasset" 201
"D:/Documents/Unreal Projects/ShooterGame/Content/MilitaryWeapSilver/Pickups/Shotgun_Pickup.uasset" 202
"D:/Documents/Unreal Projects/ShooterGame/Content/MilitaryWeapSilver/Pickups/SniperRifle_Pickup.uasset" 203
"D:/Documents/Unreal Projects/ShooterGame/Content/MilitaryWeapSilver/Sound/Attenuation/WeaponShotClose_Att.uasset" 204
"D:/Documents/Unreal Projects/ShooterGame/Content/MilitaryWeapSilver/Sound/Attenuation/WeaponHandling_att.uasset" 205
"D:/Documents/Unreal Projects/ShooterGame/Content/MilitaryWeapSilver/Sound/GrenadeLauncher/Wavs/GrenadeLauncher_AmmoPickup.uasset" 206
"D:/Documents/Unreal Projects/ShooterGame/Content/MilitaryWeapSilver/Sound/GrenadeLauncher/Cues/GrenadeLauncher_AmmoPickup_Cue.uasset" 207
"D:/Documents/Unreal Projects/ShooterGame/Content/MilitaryWeapSilver/Sound/GrenadeLauncher/Wavs/GrenadeLauncher_Bounce01.uasset" 208
"D:/Documents/Unreal Projects/ShooterGame/Content/MilitaryWeapSilver/Sound/GrenadeLauncher/Wavs/GrenadeLauncher_Bounce02.uasset" 209
"D:/Documents/Unreal Projects/ShooterGame/Content/MilitaryWeapSilver/Sound/GrenadeLauncher/Wavs/GrenadeLauncher_Bounce03.uasset" 210
"D:/Documents/Unreal Projects/ShooterGame/Content/MilitaryWeapSilver/Sound/GrenadeLauncher/Wavs/GrenadeLauncher_Bounce04.uasset" 211
"D:/Documents/Unreal Projects/ShooterGame/Content/MilitaryWeapSilver/Sound/GrenadeLauncher/Wavs/GrenadeLauncher_Bounce05.uasset" 212
"D:/Documents/Unreal Projects/ShooterGame/Content/MilitaryWeapSilver/Sound/GrenadeLauncher/Cues/GrenadeLauncher_Bounce_Cue.uasset" 213
"D:/Documents/Unreal Projects/ShooterGame/Content/MilitaryWeapSilver/Sound/Attenuation/Explosion_att.uasset" 214
"D:/Documents/Unreal Projects/ShooterGame/Content/MilitaryWeapSilver/Sound/GrenadeLauncher/Wavs/GrenadeLauncher_Explosion01.uasset" 215
"D:/Documents/Unreal Projects/ShooterGame/Content/MilitaryWeapSilver/Sound/GrenadeLauncher/Wavs/GrenadeLauncher_Explosion02.uasset" 216
"D:/Documents/Unreal Projects/ShooterGame/Content/MilitaryWeapSilver/Sound/GrenadeLauncher/Wavs/GrenadeLauncher_Explosion03.uasset" 217
"D:/Documents/Unreal Projects/ShooterGame/Content/MilitaryWeapSilver/Sound/GrenadeLauncher/Wavs/GrenadeLauncher_Explosion04.uasset" 218
"D:/Documents/Unreal Projects/ShooterGame/Content/MilitaryWeapSilver/Sound/GrenadeLauncher/Wavs/GrenadeLauncher_Explosion05.uasset" 219
"D:/Documents/Unreal Projects/ShooterGame/Content/MilitaryWeapSilver/Sound/GrenadeLauncher/Cues/GrenadeLauncher_Explosion_Cue.uasset" 220
"D:/Documents/Unreal Projects/ShooterGame/Content/MilitaryWeapSilver/Sound/GrenadeLauncher/Wavs/GrenadeLauncher_Lower.uasset" 221
"D:/Documents/Unreal Projects/ShooterGame/Content/MilitaryWeapSilver/Sound/GrenadeLauncher/Cues/GrenadeLauncher_Lower_Cue.uasset" 222
"D:/Documents/Unreal Projects/ShooterGame/Content/MilitaryWeapSilver/Sound/GrenadeLauncher/Wavs/GrenadeLauncher_Raise.uasset" 223
"D:/Documents/Unreal Projects/ShooterGame/Content/MilitaryWeapSilver/Sound/GrenadeLauncher/Cues/GrenadeLauncher_Raise_Cue.uasset" 224
"D:/Documents/Unreal Projects/ShooterGame/Content/MilitaryWeapSilver/Sound/GrenadeLauncher/Wavs/GrenadeLauncher_Warning.uasset" 225
"D:/Documents/Unreal Projects/ShooterGame/Content/MilitaryWeapSilver/Sound/GrenadeLauncher/Cues/GrenadeLauncher_Warning_Cue.uasset" 226
"D:/Documents/Unreal Projects/ShooterGame/Content/MilitaryWeapSilver/Sound/Knife/Wavs/KnifeA_Swing01.uasset" 227
"D:/Documents/Unreal Projects/ShooterGame/Content/MilitaryWeapSilver/Sound/Knife/Wavs/KnifeA_Swing02.uasset" 228
"D:/Documents/Unreal Projects/ShooterGame/Content/MilitaryWeapSilver/Sound/Knife/Wavs/KnifeA_Swing03.uasset" 229
"D:/Documents/Unreal Projects/ShooterGame/Content/MilitaryWeapSilver/Sound/Knife/Wavs/KnifeA_Swing04.uasset" 230
"D:/Documents/Unreal Projects/ShooterGame/Content/MilitaryWeapSilver/Sound/Knife/Wavs/KnifeA_Swing05.uasset" 231
"D:/Documents/Unreal Projects/ShooterGame/Content/MilitaryWeapSilver/Sound/Knife/Cues/KnifeA_Swing_Cue.uasset" 232
"D:/Documents/Unreal Projects/ShooterGame/Content/MilitaryWeapSilver/Sound/Knife/Wavs/Knife_ImpactBody01.uasset" 233
"D:/Documents/Unreal Projects/ShooterGame/Content/MilitaryWeapSilver/Sound/Knife/Wavs/Knife_ImpactBody02.uasset" 234
"D:/Documents/Unreal Projects/ShooterGame/Content/MilitaryWeapSilver/Sound/Knife/Wavs/Knife_ImpactBody03.uasset" 235
"D:/Documents/Unreal Projects/ShooterGame/Content/MilitaryWeapSilver/Sound/Knife/Cues/Knife_ImpactBody_Cue.uasset" 236
"D:/Documents/Unreal Projects/ShooterGame/Content/MilitaryWeapSilver/Sound/Knife/Wavs/Knife_ImpactSurface01.uasset" 237
"D:/Documents/Unreal Projects/ShooterGame/Content/MilitaryWeapSilver/Sound/Knife/Wavs/Knife_ImpactSurface02.uasset" 238
"D:/Documents/Unreal Projects/ShooterGame/Content/MilitaryWeapSilver/Sound/Knife/Wavs/Knife_ImpactSurface03.uasset" 239
"D:/Documents/Unreal Projects/ShooterGame/Content/MilitaryWeapSilver/Sound/Knife/Cues/Knife_ImpactSurface_Cue.uasset" 240
"D:/Documents/Unreal Projects/ShooterGame/Content/MilitaryWeapSilver/Sound/Knife/Wavs/Knife_Lower.uasset" 241
"D:/Documents/Unreal Projects/ShooterGame/Content/MilitaryWeapSilver/Sound/Knife/Cues/Knife_Lower_Cue.uasset" 242
"D:/Documents/Unreal Projects/ShooterGame/Content/MilitaryWeapSilver/Sound/Knife/Wavs/Knife_Raise.uasset" 243
"D:/Documents/Unreal Projects/ShooterGame/Content/MilitaryWeapSilver/Sound/Knife/Cues/Knife_Raise_Cue.uasset" 244
"D:/Documents/Unreal Projects/ShooterGame/Content/MilitaryWeapSilver/Sound/Pistol/Wavs/Pistol_AmmoPickup.uasset" 245
"D:/Documents/Unreal Projects/ShooterGame/Content/MilitaryWeapSilver/Sound/Pistol/Cues/Pistol_AmmoPickup_Cue.uasset" 246
"D:/Documents/Unreal Projects/ShooterGame/Content/MilitaryWeapSilver/Sound/Pistol/Wavs/Pistol_Lower.uasset" 247
"D:/Documents/Unreal Projects/ShooterGame/Content/MilitaryWeapSilver/Sound/Pistol/Cues/Pistol_Lower_Cue.uasset" 248
"D:/Documents/Unreal Projects/ShooterGame/Content/MilitaryWeapSilver/Sound/Pistol/Wavs/Pistol_Raise.uasset" 249
"D:/Documents/Unreal Projects/ShooterGame/Content/MilitaryWeapSilver/Sound/Pistol/Cues/Pistol_Raise_Cue.uasset" 250
"D:/Documents/Unreal Projects/ShooterGame/Content/MilitaryWeapSilver/Sound/Pistol/Wavs/Pistol_Whip01.uasset" 251
"D:/Documents/Unreal Projects/ShooterGame/Content/MilitaryWeapSilver/Sound/Pistol/Wavs/Pistol_Whip02.uasset" 252
"D:/Documents/Unreal Projects/ShooterGame/Content/MilitaryWeapSilver/Sound/Pistol/Wavs/Pistol_Whip03.uasset" 253
"D:/Documents/Unreal Projects/ShooterGame/Content/MilitaryWeapSilver/Sound/Pistol/Wavs/Pistol_Whip04.uasset" 254
"D:/Documents/Unreal Projects/ShooterGame/Content/MilitaryWeapSilver/Sound/Pistol/Wavs/Pistol_Whip05.uasset" 255
"D:/Documents/Unreal Projects/ShooterGame/Content/MilitaryWeapSilver/Sound/Pistol/Cues/Pistol_Whip_Cue.uasset" 256
"D:/Documents/Unreal Projects/ShooterGame/Content/MilitaryWeapSilver/Sound/Pistol/Wavs/Pistol_Reload01.uasset" 257
"D:/Documents/Unreal Projects/ShooterGame/Content/MilitaryWeapSilver/Sound/Pistol/Wavs/Pistol_Reload02.uasset" 258
"D:/Documents/Unreal Projects/ShooterGame/Content/MilitaryWeapSilver/Sound/Pistol/Wavs/Pistol_Reload03.uasset" 259
"D:/Documents/Unreal Projects/ShooterGame/Content/MilitaryWeapSilver/Sound/Rifle/Wavs/RifleA_Fire_End_ST01.uasset" 260
"D:/Documents/Unreal Projects/ShooterGame/Content/MilitaryWeapSilver/Sound/Rifle/Wavs/RifleA_Fire_End_ST02.uasset" 261
"D:/Documents/Unreal Projects/ShooterGame/Content/MilitaryWeapSilver/Sound/Rifle/Wavs/RifleA_Fire_End_ST03.uasset" 262
"D:/Documents/Unreal Projects/ShooterGame/Content/MilitaryWeapSilver/Sound/Rifle/Wavs/RifleA_FireEnd01.uasset" 263
"D:/Documents/Unreal Projects/ShooterGame/Content/MilitaryWeapSilver/Sound/Rifle/Wavs/RifleA_FireEnd02.uasset" 264
"D:/Documents/Unreal Projects/ShooterGame/Content/MilitaryWeapSilver/Sound/Rifle/Wavs/RifleA_FireEnd03.uasset" 265
"D:/Documents/Unreal Projects/ShooterGame/Content/MilitaryWeapSilver/Sound/Rifle/Cues/RifleA_FireEnd_Cue.uasset" 266
"D:/Documents/Unreal Projects/ShooterGame/Content/MilitaryWeapSilver/Sound/Rifle/Wavs/RifleA_Fire_Loop_ST01.uasset" 267
"D:/Documents/Unreal Projects/ShooterGame/Content/MilitaryWeapSilver/Sound/Rifle/Wavs/RifleA_Fire_Loop_ST02.uasset" 268
"D:/Documents/Unreal Projects/ShooterGame/Content/MilitaryWeapSilver/Sound/Rifle/Wavs/RifleA_Fire_Loop_ST03.uasset" 269
"D:/Documents/Unreal Projects/ShooterGame/Content/MilitaryWeapSilver/Sound/Rifle/Wavs/RifleA_FireLoop01.uasset" 270
"D:/Documents/Unreal Projects/ShooterGame/Content/MilitaryWeapSilver/Sound/Rifle/Wavs/RifleA_FireLoop02.uasset" 271
"D:/Documents/Unreal Projects/ShooterGame/Content/MilitaryWeapSilver/Sound/Rifle/Wavs/RifleA_FireLoop03.uasset" 272
"D:/Documents/Unreal Projects/ShooterGame/Content/MilitaryWeapSilver/Sound/Rifle/Cues/RifleA_FireLoop_Cue.uasset" 273
"D:/Documents/Unreal Projects/ShooterGame/Content/MilitaryWeapSilver/Sound/Rifle/Wavs/Rifle_AmmoPickup.uasset" 274
"D:/Documents/Unreal Projects/ShooterGame/Content/MilitaryWeapSilver/Sound/Rifle/Cues/Rifle_AmmoPickup_Cue.uasset" 275
"D:/Documents/Unreal Projects/ShooterGame/Content/MilitaryWeapSilver/Sound/Rifle/Wavs/Rifle_ImpactBody01.uasset" 276
"D:/Documents/Unreal Projects/ShooterGame/Content/MilitaryWeapSilver/Sound/Rifle/Wavs/Rifle_ImpactBody02.uasset" 277
"D:/Documents/Unreal Projects/ShooterGame/Content/MilitaryWeapSilver/Sound/Rifle/Wavs/Rifle_ImpactBody03.uasset" 278
"D:/Documents/Unreal Projects/ShooterGame/Content/MilitaryWeapSilver/Sound/Rifle/Wavs/Rifle_ImpactBody04.uasset" 279
"D:/Documents/Unreal Projects/ShooterGame/Content/MilitaryWeapSilver/Sound/Rifle/Wavs/Rifle_ImpactBody05.uasset" 280
"D:/Documents/Unreal Projects/ShooterGame/Content/MilitaryWeapSilver/Sound/Rifle/Wavs/Rifle_ImpactBody06.uasset" 281
"D:/Documents/Unreal Projects/ShooterGame/Content/MilitaryWeapSilver/Sound/Rifle/Cues/Rifle_ImpactBody_Cue.uasset" 282
"D:/Documents/Unreal Projects/ShooterGame/Content/MilitaryWeapSilver/Sound/Rifle/Wavs/Rifle_Lower.uasset" 283
"D:/Documents/Unreal Projects/ShooterGame/Content/MilitaryWeapSilver/Sound/Rifle/Cues/Rifle_Lower_Cue.uasset" 284
"D:/Documents/Unreal Projects/ShooterGame/Content/MilitaryWeapSilver/Sound/Rifle/Wavs/Rifle_Raise.uasset" 285
"D:/Documents/Unreal Projects/ShooterGame/Content/MilitaryWeapSilver/Sound/Rifle/Cues/Rifle_Raise_Cue.uasset" 286
"D:/Documents/Unreal Projects/ShooterGame/Content/MilitaryWeapSilver/Sound/Rifle/Wavs/Rifle_Whip01.uasset" 287
"D:/Documents/Unreal Projects/ShooterGame/Content/MilitaryWeapSilver/Sound/Rifle/Wavs/Rifle_Whip02.uasset" 288
"D:/Documents/Unreal Projects/ShooterGame/Content/MilitaryWeapSilver/Sound/Rifle/Wavs/Rifle_Whip03.uasset" 289
"D:/Documents/Unreal Projects/ShooterGame/Content/MilitaryWeapSilver/Sound/Rifle/Wavs/Rifle_Whip04.uasset" 290
"D:/Documents/Unreal Projects/ShooterGame/Content/MilitaryWeapSilver/Sound/Rifle/Wavs/Rifle_Whip05.uasset" 291
"D:/Documents/Unreal Projects/ShooterGame/Content/MilitaryWeapSilver/Sound/Rifle/Cues/Rifle_Whip_Cue.uasset" 292
"D:/Documents/Unreal Projects/ShooterGame/Content/MilitaryWeapSilver/Sound/RocketLauncher/Wavs/RocketLauncher_AmmoPickup.uasset" 293
"D:/Documents/Unreal Projects/ShooterGame/Content/MilitaryWeapSilver/Sound/RocketLauncher/Cues/RocketLauncher_AmmoPickup_Cue.uasset" 294
"D:/Documents/Unreal Projects/ShooterGame/Content/MilitaryWeapSilver/Sound/RocketLauncher/Wavs/RocketLauncher_Explosion01.uasset" 295
"D:/Documents/Unreal Projects/ShooterGame/Content/MilitaryWeapSilver/Sound/RocketLauncher/Wavs/RocketLauncher_Explosion02.uasset" 296
"D:/Documents/Unreal Projects/ShooterGame/Content/MilitaryWeapSilver/Sound/RocketLauncher/Wavs/RocketLauncher_Explosion03.uasset" 297
"D:/Documents/Unreal Projects/ShooterGame/Content/MilitaryWeapSilver/Sound/RocketLauncher/Wavs/RocketLauncher_Explosion04.uasset" 298
"D:/Documents/Unreal Projects/ShooterGame/Content/MilitaryWeapSilver/Sound/RocketLauncher/Wavs/RocketLauncher_Explosion05.uasset" 299
"D:/Documents/Unreal Projects/ShooterGame/Content/MilitaryWeapSilver/Sound/RocketLauncher/Cues/RocketLauncher_Explosion_Cue.uasset" 300
"D:/Documents/Unreal Projects/ShooterGame/Content/MilitaryWeapSilver/Sound/Attenuation/RocketLoop_att.uasset" 301
"D:/Documents/Unreal Projects/ShooterGame/Content/MilitaryWeapSilver/Sound/RocketLauncher/Wavs/RocketLauncher_InAirLoop.uasset" 302
"D:/Documents/Unreal Projects/ShooterGame/Content/MilitaryWeapSilver/Sound/RocketLauncher/Cues/RocketLauncher_InAirLoop_Cue.uasset" 303
"D:/Documents/Unreal Projects/ShooterGame/Content/MilitaryWeapSilver/Sound/RocketLauncher/Wavs/RocketLauncher_Lower.uasset" 304
"D:/Documents/Unreal Projects/ShooterGame/Content/MilitaryWeapSilver/Sound/RocketLauncher/Cues/RocketLauncher_Lower_Cue.uasset" 305
"D:/Documents/Unreal Projects/ShooterGame/Content/MilitaryWeapSilver/Sound/RocketLauncher/Wavs/RocketLauncher_Raise.uasset" 306
"D:/Documents/Unreal Projects/ShooterGame/Content/MilitaryWeapSilver/Sound/RocketLauncher/Cues/RocketLauncher_Raise_Cue.uasset" 307
"D:/Documents/Unreal Projects/ShooterGame/Content/MilitaryWeapSilver/Sound/Shotgun/Wavs/Shotgun_AmmoPickup.uasset" 308
"D:/Documents/Unreal Projects/ShooterGame/Content/MilitaryWeapSilver/Sound/Shotgun/Cues/Shotgun_AmmoPickup_Cue.uasset" 309
"D:/Documents/Unreal Projects/ShooterGame/Content/MilitaryWeapSilver/Sound/Shotgun/Wavs/Shotgun_ImpactBody01.uasset" 310
"D:/Documents/Unreal Projects/ShooterGame/Content/MilitaryWeapSilver/Sound/Shotgun/Wavs/Shotgun_ImpactBody02.uasset" 311
"D:/Documents/Unreal Projects/ShooterGame/Content/MilitaryWeapSilver/Sound/Shotgun/Wavs/Shotgun_ImpactBody03.uasset" 312
"D:/Documents/Unreal Projects/ShooterGame/Content/MilitaryWeapSilver/Sound/Shotgun/Wavs/Shotgun_ImpactBody04.uasset" 313
"D:/Documents/Unreal Projects/ShooterGame/Content/MilitaryWeapSilver/Sound/Shotgun/Cues/Shotgun_ImpactBody_Cue.uasset" 314
"D:/Documents/Unreal Projects/ShooterGame/Content/MilitaryWeapSilver/Sound/Shotgun/Wavs/Shotgun_Lower.uasset" 315
"D:/Documents/Unreal Projects/ShooterGame/Content/MilitaryWeapSilver/Sound/Shotgun/Cues/Shotgun_Lower_Cue.uasset" 316
"D:/Documents/Unreal Projects/ShooterGame/Content/MilitaryWeapSilver/Sound/Shotgun/Wavs/Shotgun_Raise.uasset" 317
"D:/Documents/Unreal Projects/ShooterGame/Content/MilitaryWeapSilver/Sound/Shotgun/Cues/Shotgun_Raise_Cue.uasset" 318
"D:/Documents/Unreal Projects/ShooterGame/Content/MilitaryWeapSilver/Sound/SniperRifle/Wavs/SniperRifle_AmmoPickup.uasset" 319
"D:/Documents/Unreal Projects/ShooterGame/Content/MilitaryWeapSilver/Sound/SniperRifle/Cues/SniperRifle_AmmoPickup_Cue.uasset" 320
"D:/Documents/Unreal Projects/ShooterGame/Content/MilitaryWeapSilver/Sound/SniperRifle/Wavs/SniperRifle_ImpactBody01.uasset" 321
"D:/Documents/Unreal Projects/ShooterGame/Content/MilitaryWeapSilver/Sound/SniperRifle/Wavs/SniperRifle_ImpactBody02.uasset" 322
"D:/Documents/Unreal Projects/ShooterGame/Content/MilitaryWeapSilver/Sound/SniperRifle/Wavs/SniperRifle_ImpactBody03.uasset" 323
"D:/Documents/Unreal Projects/ShooterGame/Content/MilitaryWeapSilver/Sound/SniperRifle/Wavs/SniperRifle_ImpactBody04.uasset" 324
"D:/Documents/Unreal Projects/ShooterGame/Content/MilitaryWeapSilver/Sound/SniperRifle/Cues/SniperRifle_ImpactBody_Cue.uasset" 325
"D:/Documents/Unreal Projects/ShooterGame/Content/MilitaryWeapSilver/Sound/SniperRifle/Wavs/SniperRifle_ImpactSurface01.uasset" 326
"D:/Documents/Unreal Projects/ShooterGame/Content/MilitaryWeapSilver/Sound/SniperRifle/Cues/SniperRifle_ImpactSurface_Cue.uasset" 327
"D:/Documents/Unreal Projects/ShooterGame/Content/MilitaryWeapSilver/Sound/SniperRifle/Wavs/SniperRifle_Lower.uasset" 328
"D:/Documents/Unreal Projects/ShooterGame/Content/MilitaryWeapSilver/Sound/SniperRifle/Cues/SniperRifle_Lower_Cue.uasset" 329
"D:/Documents/Unreal Projects/ShooterGame/Content/MilitaryWeapSilver/Sound/SniperRifle/Wavs/SniperRifle_Raise.uasset" 330
"D:/Documents/Unreal Projects/ShooterGame/Content/MilitaryWeapSilver/Sound/SniperRifle/Cues/SniperRifle_Raise_Cue.uasset" 331
"D:/Documents/Unreal Projects/ShooterGame/Content/MilitaryWeapSilver/Sound/SniperRifle/Wavs/SniperRifle_ZoomIn.uasset" 332
"D:/Documents/Unreal Projects/ShooterGame/Content/MilitaryWeapSilver/Sound/SniperRifle/Cues/SniperRifle_ZoomIn_Cue.uasset" 333
"D:/Documents/Unreal Projects/ShooterGame/Content/MilitaryWeapSilver/Sound/SniperRifle/Wavs/SniperRifle_ZoomOut.uasset" 334
"D:/Documents/Unreal Projects/ShooterGame/Content/MilitaryWeapSilver/Sound/SniperRifle/Cues/SniperRifle_ZoomOut_Cue.uasset" 335
"D:/Documents/Unreal Projects/ShooterGame/Content/MilitaryWeapSilver/Sound/SniperRifle/Wavs/SniperRifle_ImpactSurface02.uasset" 336
"D:/Documents/Unreal Projects/ShooterGame/Content/MilitaryWeapSilver/Sound/SniperRifle/Wavs/SniperRifle_ImpactSurface03.uasset" 337
"D:/Documents/Unreal Projects/ShooterGame/Content/MilitaryWeapSilver/Sound/SniperRifle/Wavs/SniperRifle_ImpactSurface04.uasset" 338
"D:/Documents/Unreal Projects/ShooterGame/Content/MilitaryWeapSilver/Weapons/AssaultRifleA_Ammo.uasset" 339
"D:/Documents/Unreal Projects/ShooterGame/Content/MilitaryWeapSilver/Weapons/Textures/Grenade_Launcher_A_Diff.uasset" 340
"D:/Documents/Unreal Projects/ShooterGame/Content/MilitaryWeapSilver/Weapons/Textures/Grenade_Launcher_A_Masks.uasset" 341
"D:/Documents/Unreal Projects/ShooterGame/Content/MilitaryWeapSilver/Weapons/Textures/Grenade_Launcher_A_Norm.uasset" 342
"D:/Documents/Unreal Projects/ShooterGame/Content/MilitaryWeapSilver/Weapons/Materials/M_GrenadeLauncher_01.uasset" 343
"D:/Documents/Unreal Projects/ShooterGame/Content/MilitaryWeapSilver/Weapons/GrenadeLauncherA_Ammo.uasset" 344
"D:/Documents/Unreal Projects/ShooterGame/Content/MilitaryWeapSilver/Weapons/Grenade_Launcher_A_PhysicsAsset.uasset" 345
"D:/Documents/Unreal Projects/ShooterGame/Content/MilitaryWeapSilver/Weapons/Grenade_Launcher_A_Skeleton.uasset" 346
"D:/Documents/Unreal Projects/ShooterGame/Content/MilitaryWeapSilver/Weapons/Grenade_Launcher_A.uasset" 347
"D:/Documents/Unreal Projects/ShooterGame/Content/MilitaryWeapSilver/Weapons/Textures/Knife_A_Diff.uasset" 348
"D:/Documents/Unreal Projects/ShooterGame/Content/MilitaryWeapSilver/Weapons/Textures/Knife_A_Masks.uasset" 349
"D:/Documents/Unreal Projects/ShooterGame/Content/MilitaryWeapSilver/Weapons/Textures/Knife_A_Norm.uasset" 350
"D:/Documents/Unreal Projects/ShooterGame/Content/MilitaryWeapSilver/Weapons/Materials/M_Knife_01.uasset" 351
"D:/Documents/Unreal Projects/ShooterGame/Content/MilitaryWeapSilver/Weapons/Knife_A_PhysicsAsset.uasset" 352
"D:/Documents/Unreal Projects/ShooterGame/Content/MilitaryWeapSilver/Weapons/Knife_A_Skeleton.uasset" 353
"D:/Documents/Unreal Projects/ShooterGame/Content/MilitaryWeapSilver/Weapons/Knife_A.uasset" 354
"D:/Documents/Unreal Projects/ShooterGame/Content/MilitaryWeapSilver/Weapons/PistolA_Ammo.uasset" 355
"D:/Documents/Unreal Projects/ShooterGame/Content/MilitaryWeapSilver/Weapons/Textures/Rocket_launcher_A_Diff.uasset" 356
"D:/Documents/Unreal Projects/ShooterGame/Content/MilitaryWeapSilver/Weapons/Textures/Rocket_launcher_A_Masks.uasset" 357
"D:/Documents/Unreal Projects/ShooterGame/Content/MilitaryWeapSilver/Weapons/Textures/Rocket_launcher_A_Norm.uasset" 358
"D:/Documents/Unreal Projects/ShooterGame/Content/MilitaryWeapSilver/Weapons/Materials/M_RocketLauncher_01.uasset" 359
"D:/Documents/Unreal Projects/ShooterGame/Content/MilitaryWeapSilver/Weapons/RocketLauncherA_Ammo.uasset" 360
"D:/Documents/Unreal Projects/ShooterGame/Content/MilitaryWeapSilver/Weapons/Rocket_Launcher_A_PhysicsAsset.uasset" 361
"D:/Documents/Unreal Projects/ShooterGame/Content/MilitaryWeapSilver/Weapons/Rocket_Launcher_A_Skeleton.uasset" 362
"D:/Documents/Unreal Projects/ShooterGame/Content/MilitaryWeapSilver/Weapons/Rocket_Launcher_A.uasset" 363
"D:/Documents/Unreal Projects/ShooterGame/Content/MilitaryWeapSilver/Weapons/Textures/Shotgun_A_Diff.uasset" 364
"D:/Documents/Unreal Projects/ShooterGame/Content/MilitaryWeapSilver/Weapons/Textures/Shotgun_A_Masks.uasset" 365
"D:/Documents/Unreal Projects/ShooterGame/Content/MilitaryWeapSilver/Weapons/Textures/Shotgun_A_Norm.uasset" 366
"D:/Documents/Unreal Projects/ShooterGame/Content/MilitaryWeapSilver/Weapons/Materials/M_Shotgun_01.uasset" 367
"D:/Documents/Unreal Projects/ShooterGame/Content/MilitaryWeapSilver/Weapons/ShotgunA_Ammo.uasset" 368
"D:/Documents/Unreal Projects/ShooterGame/Content/MilitaryWeapSilver/Weapons/Textures/Sniper_Rifle_A_Diff.uasset" 369
"D:/Documents/Unreal Projects/ShooterGame/Content/MilitaryWeapSilver/Weapons/Textures/Sniper_Rifle_A_Masks.uasset" 370
"D:/Documents/Unreal Projects/ShooterGame/Content/MilitaryWeapSilver/Weapons/Textures/Sniper_Rifle_A_Norm.uasset" 371
"D:/Documents/Unreal Projects/ShooterGame/Content/MilitaryWeapSilver/Weapons/Materials/M_SniperRifle_01.uasset" 372
"D:/Documents/Unreal Projects/ShooterGame/Content/MilitaryWeapSilver/Weapons/SniperRifleA_Ammo.uasset" 373
"D:/Documents/Unreal Projects/ShooterGame/Content/MilitaryWeapSilver/Weapons/Sniper_Rifle_A_PhysicsAsset.uasset" 374
"D:/Documents/Unreal Projects/ShooterGame/Content/MilitaryWeapSilver/Weapons/Sniper_Rifle_A_Skeleton.uasset" 375
"D:/Documents/Unreal Projects/ShooterGame/Content/MilitaryWeapSilver/Weapons/Sniper_Rifle_A.uasset" 376
"D:/Documents/Unreal Projects/ShooterGame/Content/MilitaryWeapSilver/Weapons/Animations/Assault_Rifle_A_Skeleton.uasset" 377
"D:/Documents/Unreal Projects/ShooterGame/Content/MilitaryWeapSilver/FX/P_Grenade_MuzzleFlash_01.uasset" 378
"D:/Documents/Unreal Projects/ShooterGame/Content/MilitaryWeapSilver/Sound/GrenadeLauncher/Wavs/GrenadeLauncherA_Fire01.uasset" 379
"D:/Documents/Unreal Projects/ShooterGame/Content/MilitaryWeapSilver/Sound/GrenadeLauncher/Wavs/GrenadeLauncherA_Fire02.uasset" 380
"D:/Documents/Unreal Projects/ShooterGame/Content/MilitaryWeapSilver/Sound/GrenadeLauncher/Wavs/GrenadeLauncherA_Fire03.uasset" 381
"D:/Documents/Unreal Projects/ShooterGame/Content/MilitaryWeapSilver/Sound/GrenadeLauncher/Wavs/GrenadeLauncherA_Fire04.uasset" 382
"D:/Documents/Unreal Projects/ShooterGame/Content/MilitaryWeapSilver/Sound/GrenadeLauncher/Wavs/GrenadeLauncherA_Fire_ST01.uasset" 383
"D:/Documents/Unreal Projects/ShooterGame/Content/MilitaryWeapSilver/Sound/GrenadeLauncher/Wavs/GrenadeLauncherA_Fire_ST02.uasset" 384
"D:/Documents/Unreal Projects/ShooterGame/Content/MilitaryWeapSilver/Sound/GrenadeLauncher/Wavs/GrenadeLauncherA_Fire_ST03.uasset" 385
"D:/Documents/Unreal Projects/ShooterGame/Content/MilitaryWeapSilver/Sound/GrenadeLauncher/Wavs/GrenadeLauncherA_Fire_ST04.uasset" 386
"D:/Documents/Unreal Projects/ShooterGame/Content/MilitaryWeapSilver/Sound/GrenadeLauncher/Cues/GrenadeLauncherA_Fire_Cue.uasset" 387
"D:/Documents/Unreal Projects/ShooterGame/Content/MilitaryWeapSilver/Weapons/Animations/Fire_GrenadeLauncher_W.uasset" 388
"D:/Documents/Unreal Projects/ShooterGame/Content/MilitaryWeapSilver/Weapons/Animations/Fire_Pistol_W.uasset" 389
"D:/Documents/Unreal Projects/ShooterGame/Content/MilitaryWeapSilver/Weapons/Animations/Fire_Rifle_W.uasset" 390
"D:/Documents/Unreal Projects/ShooterGame/Content/MilitaryWeapSilver/FX/P_RocketLauncher_MuzzleFlash_Front_01.uasset" 391
"D:/Documents/Unreal Projects/ShooterGame/Content/MilitaryWeapSilver/FX/P_RocketLauncher_MuzzleFlash_Rear_01.uasset" 392
"D:/Documents/Unreal Projects/ShooterGame/Content/MilitaryWeapSilver/Sound/RocketLauncher/Wavs/RocketLauncherA_Fire01.uasset" 393
"D:/Documents/Unreal Projects/ShooterGame/Content/MilitaryWeapSilver/Sound/RocketLauncher/Wavs/RocketLauncherA_Fire02.uasset" 394
"D:/Documents/Unreal Projects/ShooterGame/Content/MilitaryWeapSilver/Sound/RocketLauncher/Wavs/RocketLauncherA_Fire03.uasset" 395
"D:/Documents/Unreal Projects/ShooterGame/Content/MilitaryWeapSilver/Sound/RocketLauncher/Wavs/RocketLauncherA_Fire04.uasset" 396
"D:/Documents/Unreal Projects/ShooterGame/Content/MilitaryWeapSilver/Sound/RocketLauncher/Wavs/RocketLauncherA_Fire_ST01.uasset" 397
"D:/Documents/Unreal Projects/ShooterGame/Content/MilitaryWeapSilver/Sound/RocketLauncher/Wavs/RocketLauncherA_Fire_ST02.uasset" 398
"D:/Documents/Unreal Projects/ShooterGame/Content/MilitaryWeapSilver/Sound/RocketLauncher/Wavs/RocketLauncherA_Fire_ST03.uasset" 399
"D:/Documents/Unreal Projects/ShooterGame/Content/MilitaryWeapSilver/Sound/RocketLauncher/Wavs/RocketLauncherA_Fire_ST04.uasset" 400
"D:/Documents/Unreal Projects/ShooterGame/Content/MilitaryWeapSilver/Sound/RocketLauncher/Cues/RocketLauncherA_Fire_Cue.uasset" 401
"D:/Documents/Unreal Projects/ShooterGame/Content/MilitaryWeapSilver/Weapons/Animations/Fire_RocketLauncher_W.uasset" 402
"D:/Documents/Unreal Projects/ShooterGame/Content/MilitaryWeapSilver/FX/Materials/M_Ember_01.uasset" 403
"D:/Documents/Unreal Projects/ShooterGame/Content/MilitaryWeapSilver/FX/P_Shotgun_MuzzleFlash_01.uasset" 404
"D:/Documents/Unreal Projects/ShooterGame/Content/MilitaryWeapSilver/Sound/Shotgun/Wavs/Shotgun_Reload01.uasset" 405
"D:/Documents/Unreal Projects/ShooterGame/Content/MilitaryWeapSilver/Sound/Shotgun/Wavs/Shotgun_Reload02.uasset" 406
"D:/Documents/Unreal Projects/ShooterGame/Content/MilitaryWeapSilver/Sound/Shotgun/Wavs/Shotgun_Reload03.uasset" 407
"D:/Documents/Unreal Projects/ShooterGame/Content/MilitaryWeapSilver/Sound/Shotgun/Cues/Shotgun_Reload_Cue.uasset" 408
"D:/Documents/Unreal Projects/ShooterGame/Content/MilitaryWeapSilver/Sound/Shotgun/Wavs/ShotgunA_Fire01.uasset" 409
"D:/Documents/Unreal Projects/ShooterGame/Content/MilitaryWeapSilver/Sound/Shotgun/Wavs/ShotgunA_Fire02.uasset" 410
"D:/Documents/Unreal Projects/ShooterGame/Content/MilitaryWeapSilver/Sound/Shotgun/Wavs/ShotgunA_Fire03.uasset" 411
"D:/Documents/Unreal Projects/ShooterGame/Content/MilitaryWeapSilver/Sound/Shotgun/Wavs/ShotgunA_Fire04.uasset" 412
"D:/Documents/Unreal Projects/ShooterGame/Content/MilitaryWeapSilver/Sound/Shotgun/Wavs/ShotgunA_Fire_ST01.uasset" 413
"D:/Documents/Unreal Projects/ShooterGame/Content/MilitaryWeapSilver/Sound/Shotgun/Wavs/ShotgunA_Fire_ST02.uasset" 414
"D:/Documents/Unreal Projects/ShooterGame/Content/MilitaryWeapSilver/Sound/Shotgun/Wavs/ShotgunA_Fire_ST03.uasset" 415
"D:/Documents/Unreal Projects/ShooterGame/Content/MilitaryWeapSilver/Sound/Shotgun/Wavs/ShotgunA_Fire_ST04.uasset" 416
"D:/Documents/Unreal Projects/ShooterGame/Content/MilitaryWeapSilver/Sound/Shotgun/Cues/ShotgunA_Fire_Cue.uasset" 417
"D:/Documents/Unreal Projects/ShooterGame/Content/MilitaryWeapSilver/Weapons/Shotgun_A_Skeleton.uasset" 418
"D:/Documents/Unreal Projects/ShooterGame/Content/MilitaryWeapSilver/Weapons/Animations/Fire_Shotgun_W.uasset" 419
"D:/Documents/Unreal Projects/ShooterGame/Content/MilitaryWeapSilver/Sound/SniperRifle/Wavs/SniperRifleA_Fire01.uasset" 420
"D:/Documents/Unreal Projects/ShooterGame/Content/MilitaryWeapSilver/Sound/SniperRifle/Wavs/SniperRifleA_Fire02.uasset" 421
"D:/Documents/Unreal Projects/ShooterGame/Content/MilitaryWeapSilver/Sound/SniperRifle/Wavs/SniperRifleA_Fire03.uasset" 422
"D:/Documents/Unreal Projects/ShooterGame/Content/MilitaryWeapSilver/Sound/SniperRifle/Wavs/SniperRifleA_Fire04.uasset" 423
"D:/Documents/Unreal Projects/ShooterGame/Content/MilitaryWeapSilver/Sound/SniperRifle/Wavs/SniperRifleA_Fire_ST01.uasset" 424
"D:/Documents/Unreal Projects/ShooterGame/Content/MilitaryWeapSilver/Sound/SniperRifle/Wavs/SniperRifleA_Fire_ST02.uasset" 425
"D:/Documents/Unreal Projects/ShooterGame/Content/MilitaryWeapSilver/Sound/SniperRifle/Wavs/SniperRifleA_Fire_ST03.uasset" 426
"D:/Documents/Unreal Projects/ShooterGame/Content/MilitaryWeapSilver/Sound/SniperRifle/Wavs/SniperRifleA_Fire_ST04.uasset" 427
"D:/Documents/Unreal Projects/ShooterGame/Content/MilitaryWeapSilver/Sound/SniperRifle/Cues/SniperRifleA_Fire_Cue.uasset" 428
"D:/Documents/Unreal Projects/ShooterGame/Content/MilitaryWeapSilver/Weapons/Animations/Fire_SniperRifle_W.uasset" 429
"D:/Documents/Unreal Projects/ShooterGame/Content/MilitaryWeapSilver/Weapons/Animations/Grenade_Launcher_A_Skeleton.uasset" 430
"D:/Documents/Unreal Projects/ShooterGame/Content/MilitaryWeapSilver/Weapons/Animations/Knife_A_Skeleton.uasset" 431
"D:/Documents/Unreal Projects/ShooterGame/Content/MilitaryWeapSilver/Weapons/Animations/Pistols_A_Skeleton.uasset" 432
"D:/Documents/Unreal Projects/ShooterGame/Content/MilitaryWeapSilver/Sound/Rifle/Wavs/Rifle_Reload01.uasset" 433
"D:/Documents/Unreal Projects/ShooterGame/Content/MilitaryWeapSilver/Sound/Rifle/Cues/Rifle_Reload_Cue.uasset" 434
"D:/Documents/Unreal Projects/ShooterGame/Content/MilitaryWeapSilver/Sound/Rifle/Wavs/Rifle_Reload02.uasset" 435
"D:/Documents/Unreal Projects/ShooterGame/Content/MilitaryWeapSilver/Sound/Rifle/Wavs/Rifle_Reload03.uasset" 436
"D:/Documents/Unreal Projects/ShooterGame/Content/MilitaryWeapSilver/Sound/Rifle/Cues/Rifle_ReloadInsert_Cue.uasset" 437
"D:/Documents/Unreal Projects/ShooterGame/Content/MilitaryWeapSilver/Weapons/Animations/Prone_Reload_Rifle_W.uasset" 438
"D:/Documents/Unreal Projects/ShooterGame/Content/MilitaryWeapSilver/Sound/Shotgun/Wavs/Shotgun_Reload_In01.uasset" 439
"D:/Documents/Unreal Projects/ShooterGame/Content/MilitaryWeapSilver/Sound/Shotgun/Wavs/Shotgun_Reload_In02.uasset" 440
"D:/Documents/Unreal Projects/ShooterGame/Content/MilitaryWeapSilver/Sound/Shotgun/Wavs/Shotgun_Reload_In03.uasset" 441
"D:/Documents/Unreal Projects/ShooterGame/Content/MilitaryWeapSilver/Sound/Shotgun/Cues/Shotgun_Reload_In_Cue.uasset" 442
"D:/Documents/Unreal Projects/ShooterGame/Content/MilitaryWeapSilver/Sound/Shotgun/Wavs/Shotgun_Reload_Out01.uasset" 443
"D:/Documents/Unreal Projects/ShooterGame/Content/MilitaryWeapSilver/Sound/Shotgun/Wavs/Shotgun_Reload_Out02.uasset" 444
"D:/Documents/Unreal Projects/ShooterGame/Content/MilitaryWeapSilver/Sound/Shotgun/Wavs/Shotgun_Reload_Out03.uasset" 445
"D:/Documents/Unreal Projects/ShooterGame/Content/MilitaryWeapSilver/Sound/Shotgun/Cues/Shotgun_Reload_Out_Cue.uasset" 446
"D:/Documents/Unreal Projects/ShooterGame/Content/MilitaryWeapSilver/Weapons/Animations/Prone_Reload_Shotgun_W.uasset" 447
"D:/Documents/Unreal Projects/ShooterGame/Content/MilitaryWeapSilver/Sound/SniperRifle/Wavs/SniperRifle_Reload01.uasset" 448
"D:/Documents/Unreal Projects/ShooterGame/Content/MilitaryWeapSilver/Sound/SniperRifle/Wavs/SniperRifle_Reload02.uasset" 449
"D:/Documents/Unreal Projects/ShooterGame/Content/MilitaryWeapSilver/Sound/SniperRifle/Wavs/SniperRifle_Reload03.uasset" 450
"D:/Documents/Unreal Projects/ShooterGame/Content/MilitaryWeapSilver/Sound/SniperRifle/Cues/SniperRifle_Reload_Cue.uasset" 451
"D:/Documents/Unreal Projects/ShooterGame/Content/MilitaryWeapSilver/Sound/SniperRifle/Wavs/SniperRifle_ReloadInsert01.uasset" 452
"D:/Documents/Unreal Projects/ShooterGame/Content/MilitaryWeapSilver/Sound/SniperRifle/Wavs/SniperRifle_ReloadInsert02.uasset" 453
"D:/Documents/Unreal Projects/ShooterGame/Content/MilitaryWeapSilver/Sound/SniperRifle/Wavs/SniperRifle_ReloadInsert03.uasset" 454
"D:/Documents/Unreal Projects/ShooterGame/Content/MilitaryWeapSilver/Sound/SniperRifle/Cues/SniperRifle_ReloadInsert_Cue.uasset" 455
"D:/Documents/Unreal Projects/ShooterGame/Content/MilitaryWeapSilver/Weapons/Animations/Prone_Reload_SniperRifle_W.uasset" 456
"D:/Documents/Unreal Projects/ShooterGame/Content/MilitaryWeapSilver/Sound/GrenadeLauncher/Wavs/GrenadeLauncher_Reload01.uasset" 457
"D:/Documents/Unreal Projects/ShooterGame/Content/MilitaryWeapSilver/Sound/GrenadeLauncher/Wavs/GrenadeLauncher_Reload02.uasset" 458
"D:/Documents/Unreal Projects/ShooterGame/Content/MilitaryWeapSilver/Sound/GrenadeLauncher/Wavs/GrenadeLauncher_Reload03.uasset" 459
"D:/Documents/Unreal Projects/ShooterGame/Content/MilitaryWeapSilver/Sound/GrenadeLauncher/Cues/GrenadeLauncher_Reload_Cue.uasset" 460
"D:/Documents/Unreal Projects/ShooterGame/Content/MilitaryWeapSilver/Weapons/Animations/Reload_GrenadeLauncher_W.uasset" 461
"D:/Documents/Unreal Projects/ShooterGame/Content/MilitaryWeapSilver/Sound/Pistol/Wavs/Pistol_ReloadMagEject01.uasset" 462
"D:/Documents/Unreal Projects/ShooterGame/Content/MilitaryWeapSilver/Sound/Pistol/Wavs/Pistol_ReloadMagEject02.uasset" 463
"D:/Documents/Unreal Projects/ShooterGame/Content/MilitaryWeapSilver/Sound/Pistol/Cues/Pistol_ReloadEject_Cue.uasset" 464
"D:/Documents/Unreal Projects/ShooterGame/Content/MilitaryWeapSilver/Sound/Pistol/Wavs/Pistol_ReloadMagInsert01.uasset" 465
"D:/Documents/Unreal Projects/ShooterGame/Content/MilitaryWeapSilver/Sound/Pistol/Wavs/Pistol_ReloadMagInsert02.uasset" 466
"D:/Documents/Unreal Projects/ShooterGame/Content/MilitaryWeapSilver/Sound/Pistol/Wavs/Pistol_ReloadSlideRack01.uasset" 467
"D:/Documents/Unreal Projects/ShooterGame/Content/MilitaryWeapSilver/Sound/Pistol/Wavs/Pistol_ReloadSlideRack02.uasset" 468
"D:/Documents/Unreal Projects/ShooterGame/Content/MilitaryWeapSilver/Sound/Pistol/Wavs/Pistol_ReloadSlideRack03.uasset" 469
"D:/Documents/Unreal Projects/ShooterGame/Content/MilitaryWeapSilver/Sound/Pistol/Cues/Pistol_ReloadInsert_Cue.uasset" 470
"D:/Documents/Unreal Projects/ShooterGame/Content/MilitaryWeapSilver/Weapons/Animations/Reload_Pistol_W.uasset" 471
"D:/Documents/Unreal Projects/ShooterGame/Content/MilitaryWeapSilver/Weapons/Animations/Reload_Rifle_Hip_W.uasset" 472
"D:/Documents/Unreal Projects/ShooterGame/Content/MilitaryWeapSilver/Weapons/Animations/Reload_Rifle_Ironsights_W.uasset" 473
"D:/Documents/Unreal Projects/ShooterGame/Content/MilitaryWeapSilver/Sound/RocketLauncher/Wavs/RocketLauncher_Reload01.uasset" 474
"D:/Documents/Unreal Projects/ShooterGame/Content/MilitaryWeapSilver/Sound/RocketLauncher/Wavs/RocketLauncher_Reload02.uasset" 475
"D:/Documents/Unreal Projects/ShooterGame/Content/MilitaryWeapSilver/Sound/RocketLauncher/Cues/RocketLauncher_Reload_Cue.uasset" 476
"D:/Documents/Unreal Projects/ShooterGame/Content/MilitaryWeapSilver/Sound/RocketLauncher/Wavs/RocketLauncher_Reload03.uasset" 477
"D:/Documents/Unreal Projects/ShooterGame/Content/MilitaryWeapSilver/Sound/RocketLauncher/Cues/RocketLauncher_ReloadDetach_Cue.uasset" 478
"D:/Documents/Unreal Projects/ShooterGame/Content/MilitaryWeapSilver/Weapons/Animations/Reload_RocketLauncher_W.uasset" 479
"D:/Documents/Unreal Projects/ShooterGame/Content/MilitaryWeapSilver/Weapons/Animations/Reload_Shotgun_Hip_W.uasset" 480
"D:/Documents/Unreal Projects/ShooterGame/Content/MilitaryWeapSilver/Weapons/Animations/Reload_Shotgun_Ironsights_W.uasset" 481
"D:/Documents/Unreal Projects/ShooterGame/Content/MilitaryWeapSilver/Weapons/Animations/Reload_SniperRifle_Hip_W.uasset" 482
"D:/Documents/Unreal Projects/ShooterGame/Content/MilitaryWeapSilver/Weapons/Animations/Reload_SniperRifle_Ironsights_W.uasset" 483
"D:/Documents/Unreal Projects/ShooterGame/Content/MilitaryWeapSilver/Weapons/Animations/Rocket_Launcher_A_Skeleton.uasset" 484
"D:/Documents/Unreal Projects/ShooterGame/Content/MilitaryWeapSilver/Weapons/Animations/Shotgun_A_Skeleton.uasset" 485
"D:/Documents/Unreal Projects/ShooterGame/Content/MilitaryWeapSilver/Weapons/Animations/Sniper_Rifle_A_Skeleton.uasset" 486
"../../../Engine/Content/Animation/DefaultAnimCurveCompressionSettings.uasset" 487
"../../../Engine/Content/Functions/Engine_MaterialFunctions01/Opacity/CameraDepthFade.uasset" 488
"../../../Engine/Content/EngineMaterials/T_Default_Material_Grid_M.uasset" 489
"../../../Engine/Content/EngineMaterials/T_Default_Material_Grid_N.uasset" 490
"../../../Engine/Content/EngineMaterials/WorldGridMaterial.uasset" 491
"../../../Engine/Content/ArtTools/RenderToTexture/Meshes/S_1_Unit_Plane.uasset" 492
"../../../Engine/Content/EngineMaterials/DefaultMaterial.uasset" 493
"../../../Engine/Content/BasicShapes/Cone.uasset" 494
"../../../Engine/Content/BasicShapes/Cube.uasset" 495
"../../../Engine/Content/BasicShapes/Cylinder.uasset" 496
"../../../Engine/Content/BasicShapes/Plane.uasset" 497
"../../../Engine/Content/BasicShapes/Sphere.uasset" 498
"../../../Engine/Content/EditorLandscapeResources/DataLayer.uasset" 499
"../../../Engine/Content/EditorMaterials/MAT_Groups_Toggle.uasset" 500
"../../../Engine/Content/EditorMaterials/MAT_Groups_Visibility.uasset" 501
"../../../Engine/Content/EditorMaterials/PreviewShadowIndicator.uasset" 502
"../../../Engine/Content/EditorMaterials/PreviewShadowIndicatorMaterial.uasset" 503
"../../../Engine/Content/EditorMaterials/MatineeGroups/MAT_ColorTrack.uasset" 504
"../../../Engine/Content/EditorMaterials/MatineeGroups/MAT_Groups_Anim.uasset" 505
"../../../Engine/Content/EditorMaterials/MatineeGroups/MAT_Groups_AudioMaster.uasset" 506
"../../../Engine/Content/EditorMaterials/MatineeGroups/MAT_Groups_Director.uasset" 507
"../../../Engine/Content/EditorMaterials/MatineeGroups/MAT_Groups_Event.uasset" 508
"../../../Engine/Content/EditorMaterials/MatineeGroups/MAT_Groups_Fade.uasset" 509
"../../../Engine/Content/EditorMaterials/MatineeGroups/MAT_Groups_Float.uasset" 510
"../../../Engine/Content/EditorMaterials/MatineeGroups/MAT_Groups_Move.uasset" 511
"../../../Engine/Content/EditorMaterials/MatineeGroups/MAT_Groups_Slomo.uasset" 512
"../../../Engine/Content/EditorMaterials/MatineeGroups/MAT_Groups_Sound.uasset" 513
"../../../Engine/Content/EditorMaterials/MatineeGroups/MAT_Groups_Vector.uasset" 514
"../../../Engine/Content/EditorMaterials/ParticleSystems/PSysThumbnail_NoImage.uasset" 515
"../../../Engine/Content/EditorMaterials/ParticleSystems/PSysThumbnail_OOD.uasset" 516
"../../../Engine/Content/EditorMaterials/Camera/CineMat.uasset" 517
"../../../Engine/Content/EditorMaterials/Camera/MI_CineMat_Rig.uasset" 518
"../../../Engine/Content/EditorMeshes/Camera/SM_CraneRig_Arm.uasset" 519
"../../../Engine/Content/EditorMeshes/Camera/SM_CraneRig_Base.uasset" 520
"../../../Engine/Content/EditorMeshes/Camera/SM_CraneRig_Body.uasset" 521
"../../../Engine/Content/EditorMeshes/Camera/SM_CraneRig_Mount.uasset" 522
"../../../Engine/Content/EditorMeshes/Camera/SM_RailRig_Mount.uasset" 523
"../../../Engine/Content/EditorMeshes/Camera/SM_RailRig_Track.uasset" 524
"../../../Engine/Content/EditorResources/BSPVertex.uasset" 525
"../../../Engine/Content/EditorResources/EmptyActor.uasset" 526
"../../../Engine/Content/EditorResources/S_Actor.uasset" 527
"../../../Engine/Content/EditorResources/S_Note.uasset" 528
"../../../Engine/Content/EditorResources/S_Solver.uasset" 529
"../../../Engine/Content/EditorResources/S_Trigger.uasset" 530
"../../../Engine/Content/EditorResources/LightIcons/S_LightError.uasset" 531
"../../../Engine/Content/EditorResources/SequenceRecorder/Countdown.uasset" 532
"../../../Engine/Content/EditorResources/SequenceRecorder/RecordingIndicator.uasset" 533
"../../../Engine/Content/EditorSounds/Notifications/CompileFailed.uasset" 534
"../../../Engine/Content/EditorSounds/Notifications/CompileFailed_Cue.uasset" 535
"../../../Engine/Content/EditorSounds/Notifications/CompileSuccess.uasset" 536
"../../../Engine/Content/EditorSounds/Notifications/CompileStart_Cue.uasset" 537
"../../../Engine/Content/EditorSounds/Notifications/CompileSuccess_Cue.uasset" 538
"../../../Engine/Content/EngineDamageTypes/DmgTypeBP_Environmental.uasset" 539
"../../../Engine/Content/EngineDebugMaterials/DebugEditorMaterial.uasset" 540
"../../../Engine/Content/EngineDebugMaterials/DebugMeshMaterial.uasset" 541
"../../../Engine/Content/EngineDebugMaterials/M_SimpleUnlitTranslucent.uasset" 542
"../../../Engine/Content/Functions/Engine_MaterialFunctions02/Utility/CameraDirectionVector.uasset" 543
"../../../Engine/Content/EngineDebugMaterials/VolumeToRender.uasset" 544
"../../../Engine/Content/EngineDebugMaterials/M_VolumeRenderSphereTracePP.uasset" 545
"../../../Engine/Content/EngineDebugMaterials/WireframeMaterial.uasset" 546
"../../../Engine/Content/EngineFonts/Faces/DroidSansFallback.uasset" 547
"../../../Engine/Content/EngineFonts/Faces/RobotoBold.uasset" 548
"../../../Engine/Content/EngineFonts/Faces/RobotoBoldItalic.uasset" 549
"../../../Engine/Content/EngineFonts/Faces/RobotoItalic.uasset" 550
"../../../Engine/Content/EngineFonts/Faces/RobotoLight.uasset" 551
"../../../Engine/Content/EngineFonts/Faces/RobotoRegular.uasset" 552
"../../../Engine/Content/EngineFonts/Roboto.uasset" 553
"../../../Engine/Content/EngineMaterials/BaseFlattenDiffuseMap.uasset" 554
"../../../Engine/Content/EngineMaterials/BaseFlattenEmissiveMap.uasset" 555
"../../../Engine/Content/EngineMaterials/BaseFlattenGrayscaleMap.uasset" 556
"../../../Engine/Content/EngineMaterials/BaseFlattenNormalMap.uasset" 557
"../../../Engine/Content/EngineMaterials/BaseFlattenMaterial.uasset" 558
"../../../Engine/Content/EngineMaterials/BlueNoise.uasset" 559
"../../../Engine/Content/EngineMaterials/DefaultBloomKernel.uasset" 560
"../../../Engine/Content/EngineMaterials/DefaultBokeh.uasset" 561
"../../../Engine/Content/EngineMaterials/DefaultDiffuse.uasset" 562
"../../../Engine/Content/EngineMaterials/DefaultDeferredDecalMaterial.uasset" 563
"../../../Engine/Content/EngineMaterials/DefaultLightFunctionMaterial.uasset" 564
"../../../Engine/Content/EngineMaterials/DefaultPhysicalMaterial.uasset" 565
"../../../Engine/Content/Functions/Engine_MaterialFunctions02/Utility/BreakOutFloat2Components.uasset" 566
"../../../Engine/Content/EngineMaterials/DefaultPostProcessMaterial.uasset" 567
"../../../Engine/Content/EngineFonts/RobotoDistanceField.uasset" 568
"../../../Engine/Content/EngineMaterials/DefaultTextMaterialOpaque.uasset" 569
"../../../Engine/Content/EngineMaterials/DefaultWhiteGrid.uasset" 570
"../../../Engine/Content/EngineMaterials/DefaultWhiteGrid_Low.uasset" 571
"../../../Engine/Content/EngineMaterials/EmissiveMeshMaterial.uasset" 572
"../../../Engine/Content/EngineMaterials/GizmoMaterial.uasset" 573
"../../../Engine/Content/EngineMaterials/Good64x64TilingNoiseHighFreq.uasset" 574
"../../../Engine/Content/EngineMaterials/MiniFont.uasset" 575
"../../../Engine/Content/EngineMaterials/InvalidLightmapSettings.uasset" 576
"../../../Engine/Content/EngineMaterials/M_InvalidLightmapSettings.uasset" 577
"../../../Engine/Content/Functions/Engine_MaterialFunctions02/WorldPositionOffset/CameraOffset.uasset" 578
"../../../Engine/Content/EngineMaterials/PhAT_JointLimitMaterial.uasset" 579
"../../../Engine/Content/EngineMaterials/PreintegratedSkinBRDF.uasset" 580
"../../../Engine/Content/EngineMaterials/RemoveSurfaceMaterial.uasset" 581
"../../../Engine/Content/EngineMaterials/WeightMapPlaceholderTexture.uasset" 582
"../../../Engine/Content/EngineResources/WhiteSquareTexture.uasset" 583
"../../../Engine/Content/EngineMaterials/Widget3DPassThrough.uasset" 584
"../../../Engine/Content/EngineMaterials/Widget3DPassThrough_Masked.uasset" 585
"../../../Engine/Content/EngineMaterials/Widget3DPassThrough_Opaque.uasset" 586
"../../../Engine/Content/EngineMaterials/Widget3DPassThrough_Masked_OneSided.uasset" 587
"../../../Engine/Content/EngineMaterials/Widget3DPassThrough_Opaque_OneSided.uasset" 588
"../../../Engine/Content/EngineMaterials/Widget3DPassThrough_Translucent.uasset" 589
"../../../Engine/Content/EngineMaterials/Widget3DPassThrough_Translucent_OneSided.uasset" 590
"../../../Engine/Content/EngineMeshes/Cylinder.uasset" 591
"../../../Engine/Content/EngineMeshes/Sphere.uasset" 592
"../../../Engine/Content/EngineResources/Black.uasset" 593
"../../../Engine/Content/EngineResources/DefaultTexture.uasset" 594
"../../../Engine/Content/EngineResources/DefaultTextureCube.uasset" 595
"../../../Engine/Content/EngineResources/DefaultVolumeTexture2D.uasset" 596
"../../../Engine/Content/EngineResources/DefaultVolumeTexture.uasset" 597
"../../../Engine/Content/EngineResources/GradientTexture0.uasset" 598
"../../../Engine/Content/EngineSounds/Master.uasset" 599
"../../../Engine/Content/Functions/Engine_MaterialFunctions01/Shading/ConvertFromDiffSpec.uasset" 600
"../../../Engine/Content/Functions/Engine_MaterialFunctions01/Shading/PowerToRoughness.uasset" 601
"../../../Engine/Content/Maps/Templates/Thumbnails/Default.uasset" 602
"../../../Engine/Content/Maps/Templates/Thumbnails/TimeOfDay.uasset" 603
"../../../Engine/Content/Maps/Templates/Thumbnails/VR-Basic.uasset" 604
"../../../Engine/Content/MobileResources/T_MobileControls_texture.uasset" 605
"../../../Engine/Content/MobileResources/T_MobileMenu2.uasset" 606
"../../../Engine/Content/MobileResources/HUD/AnalogHat.uasset" 607
"../../../Engine/Content/MobileResources/HUD/VirtualJoystick_Background.uasset" 608
"../../../Engine/Content/MobileResources/HUD/VirtualJoystick_Thumb.uasset" 609
"../../../Engine/Content/MobileResources/HUD/DefaultVirtualJoysticks.uasset" 610
"../../../Engine/Content/MobileResources/HUD/LeftVirtualJoystickOnly.uasset" 611
"../../../Engine/Content/MobileResources/HUD/MobileHUDButton1_off.uasset" 612
"../../../Engine/Content/MobileResources/HUD/MobileHUDButton1_on.uasset" 613
"../../../Engine/Content/MobileResources/HUD/MobileHUDButton2_off.uasset" 614
"../../../Engine/Content/MobileResources/HUD/MobileHUDButton2_on.uasset" 615
"../../../Engine/Content/MobileResources/HUD/MobileHUDButton3.uasset" 616
"../../../Engine/Content/MobileResources/HUD/MobileHUDButtonFire.uasset" 617
"../../../Engine/Content/MobileResources/HUD/MobileHUDDirectionPad.uasset" 618
"../../../Engine/Content/MobileResources/HUD/MobileHUDDirectionPad2.uasset" 619
"../../../Engine/Content/MobileResources/HUD/MobileHUDDirectionPad3.uasset" 620
"../../../Engine/Content/MobileResources/HUD/MobileHUDDirectionStick.uasset" 621
"../../../Engine/Content/MobileResources/HUD/T_Castle_ThumbstickInner.uasset" 622
"../../../Engine/Content/MobileResources/HUD/T_Castle_ThumbstickOutter.uasset" 623
"../../../Engine/Content/Tutorial/ContentIntroCurve.uasset" 624
"../../../Engine/Content/Tutorial/Basics/LevelEditorAttract.uasset" 625
"../../../Engine/Content/Tutorial/BlueprintTutorials/TutorialAssets/Blueprint_64x.uasset" 626
"../../../Engine/Content/Tutorial/BlueprintTutorials/BlueprintEditorTutorial.uasset" 627
"../../../Engine/Content/Tutorial/Mobile/TutorialAssets/android_Icon.uasset" 628
"../../../Engine/Content/Tutorial/Mobile/SettingUpAndroidTutorial.uasset" 629
"../../../Engine/Content/Tutorial/SubEditors/GettingSubstance.uasset" 630
"../../../Engine/Content/VREditor/LaserPointer/VR_LaserPower_01.uasset" 631
"../../../Engine/Content/VREditor/TransformGizmo/TransformGizmoMaterial.uasset" 632
"../../../Engine/Content/VREditor/TransformGizmo/TranslucentTransformGizmoMaterial.uasset" 633
"../../../Engine/Content/VREditor/TransformGizmo/BoundingBoxCorner.uasset" 634
"../../../Engine/Content/VREditor/TransformGizmo/BoundingBoxEdge.uasset" 635
"../../../Engine/Content/VREditor/TransformGizmo/PlaneTranslationHandle.uasset" 636
"../../../Engine/Content/VREditor/TransformGizmo/Main.uasset" 637
"../../../Engine/Content/VREditor/TransformGizmo/Xray.uasset" 638
"../../../Engine/Content/VREditor/TransformGizmo/SM_Sequencer_Key.uasset" 639
"../../../Engine/Content/VREditor/TransformGizmo/SM_Sequencer_Node.uasset" 640
"../../Plugins/2D/Paper2D/Content/PlaceholderTextures/DummySpriteTexture.uasset" 641
"../../Plugins/2D/Paper2D/Content/DummySprite.uasset" 642
"../../Plugins/2D/Paper2D/Content/DefaultPaperTerrainMaterial.uasset" 643
"../../Plugins/2D/Paper2D/Content/DefaultSpriteMaterial.uasset" 644
"../../Plugins/2D/Paper2D/Content/MaskedUnlitSpriteMaterial.uasset" 645
"../../Plugins/2D/Paper2D/Content/OpaqueUnlitSpriteMaterial.uasset" 646
"../../Plugins/FX/Niagara/Content/Enums/ENiagaraBooleanLogicOps.uasset" 647
"../../Plugins/FX/Niagara/Content/Enums/ENiagaraCoordinateSpace.uasset" 648
"../../Plugins/FX/Niagara/Content/Enums/ENiagaraExpansionMode.uasset" 649
"../../Plugins/FX/Niagara/Content/Enums/ENiagaraOrientationAxis.uasset" 650
"../../Plugins/FX/Niagara/Content/Enums/ENiagaraRandomnessMode.uasset" 651
"../../../Engine/Content/Functions/Engine_MaterialFunctions02/Utility/BreakOutFloat4Components.uasset" 652
"../../../Engine/Content/Functions/Engine_MaterialFunctions02/Utility/MakeFloat2.uasset" 653
"../../../Engine/Content/Functions/Engine_MaterialFunctions02/Utility/MakeFloat3.uasset" 654
"../../Plugins/Runtime/Oculus/OculusVR/Content/Materials/OculusMR_ChromaKey.uasset" 655
"../../Plugins/Runtime/Oculus/OculusVR/Content/Materials/OculusMR_ChromaKey_Lit.uasset" 656
"../../Plugins/Runtime/Oculus/OculusVR/Content/Materials/OculusMR_OpaqueColoredMaterial.uasset" 657
"../../Plugins/Runtime/Oculus/OculusVR/Content/Materials/OculusMR_WhiteMaterial.uasset" 658
"D:/Documents/Unreal Projects/ShooterGame/Content/Animations/A_Idle_Pistol.uasset" 659
"D:/Documents/Unreal Projects/ShooterGame/Content/Animations/AimOffset/A_Pistol_CC.uasset" 660
"D:/Documents/Unreal Projects/ShooterGame/Content/Animations/AimOffset/A_Pistol_CD.uasset" 661
"D:/Documents/Unreal Projects/ShooterGame/Content/Animations/AimOffset/A_Pistol_CU.uasset" 662
"D:/Documents/Unreal Projects/ShooterGame/Content/Animations/AimOffset/AO_Pistol.uasset" 663
"D:/Documents/Unreal Projects/ShooterGame/Content/Animations/AimOffset/AO_Rifle_Hip_1D.uasset" 664
"D:/Documents/Unreal Projects/ShooterGame/Content/Animations/AimOffset/AO_Rifle_Ironsights_1D.uasset" 665
"D:/Documents/Unreal Projects/ShooterGame/Content/Animations/A_ThirdPersonJump_End.uasset" 666
"D:/Documents/Unreal Projects/ShooterGame/Content/Animations/A_ThirdPersonJump_Loop.uasset" 667
"D:/Documents/Unreal Projects/ShooterGame/Content/Animations/A_ThirdPersonJump_Start.uasset" 668
"D:/Documents/Unreal Projects/ShooterGame/Content/Animations/A_Crouch_Idle_Rifle_Hip.uasset" 669
"D:/Documents/Unreal Projects/ShooterGame/Content/Animations/A_Crouch_Walk_Bwd_R_Rifle_Hip.uasset" 670
"D:/Documents/Unreal Projects/ShooterGame/Content/Animations/A_Crouch_Walk_Bwd_Rifle_Hip.uasset" 671
"D:/Documents/Unreal Projects/ShooterGame/Content/Animations/A_Crouch_Walk_Fwd_L_Rifle_Hip.uasset" 672
"D:/Documents/Unreal Projects/ShooterGame/Content/Animations/A_Crouch_Walk_Fwd_Rifle_Hip.uasset" 673
"D:/Documents/Unreal Projects/ShooterGame/Content/Animations/A_Crouch_Walk_Lt_Rifle_Hip.uasset" 674
"D:/Documents/Unreal Projects/ShooterGame/Content/Animations/A_Crouch_Walk_Rt_Rifle_Hip.uasset" 675
"D:/Documents/Unreal Projects/ShooterGame/Content/Animations/Blendspaces/BS_Crouch_Rifle_Hip.uasset" 676
"D:/Documents/Unreal Projects/ShooterGame/Content/Animations/A_Crouch_Idle_Rifle_Ironsights.uasset" 677
"D:/Documents/Unreal Projects/ShooterGame/Content/Animations/A_Crouch_Walk_Bwd_R_Rifle_Ironsights.uasset" 678
"D:/Documents/Unreal Projects/ShooterGame/Content/Animations/A_Crouch_Walk_Bwd_Rifle_Ironsights.uasset" 679
"D:/Documents/Unreal Projects/ShooterGame/Content/Animations/A_Crouch_Walk_Fwd_L_Rifle_Ironsights.uasset" 680
"D:/Documents/Unreal Projects/ShooterGame/Content/Animations/A_Crouch_Walk_Fwd_Rifle_Ironsights.uasset" 681
"D:/Documents/Unreal Projects/ShooterGame/Content/Animations/A_Crouch_Walk_Lt_Rifle_Ironsights.uasset" 682
"D:/Documents/Unreal Projects/ShooterGame/Content/Animations/A_Crouch_Walk_Rt_Rifle_Ironsights.uasset" 683
"D:/Documents/Unreal Projects/ShooterGame/Content/Animations/Blendspaces/BS_Crouch_Rifle_Ironsights.uasset" 684
"D:/Documents/Unreal Projects/ShooterGame/Content/Animations/A_Jog_Bwd_R_Rifle.uasset" 685
"D:/Documents/Unreal Projects/ShooterGame/Content/Animations/A_Jog_Bwd_Rifle.uasset" 686
"D:/Documents/Unreal Projects/ShooterGame/Content/Animations/A_Jog_Fwd_L_Rifle.uasset" 687
"D:/Documents/Unreal Projects/ShooterGame/Content/Animations/A_Jog_Fwd_Rifle.uasset" 688
"D:/Documents/Unreal Projects/ShooterGame/Content/Animations/A_Jog_Lt_Rifle.uasset" 689
"D:/Documents/Unreal Projects/ShooterGame/Content/Animations/A_Jog_Rt_Rifle.uasset" 690
"D:/Documents/Unreal Projects/ShooterGame/Content/Animations/Blendspaces/BS_Rifle_Hip.uasset" 691
"D:/Documents/Unreal Projects/ShooterGame/Content/Animations/A_Walk_Bwd_Rifle_Ironsights.uasset" 692
"D:/Documents/Unreal Projects/ShooterGame/Content/Animations/A_Walk_Fwd_Rifle_Ironsights.uasset" 693
"D:/Documents/Unreal Projects/ShooterGame/Content/Animations/A_Walk_Lt_Rifle_Ironsights.uasset" 694
"D:/Documents/Unreal Projects/ShooterGame/Content/Animations/A_Walk_Rt_Rifle_Ironsights.uasset" 695
"D:/Documents/Unreal Projects/ShooterGame/Content/Animations/Blendspaces/BS_Rifle_Ironsights.uasset" 696
"D:/Documents/Unreal Projects/ShooterGame/Content/Animations/A_Sprint_Fwd_L_Rifle.uasset" 697
"D:/Documents/Unreal Projects/ShooterGame/Content/Animations/A_Sprint_Fwd_R_Rifle.uasset" 698
"D:/Documents/Unreal Projects/ShooterGame/Content/Animations/A_Sprint_Fwd_Rifle.uasset" 699
"D:/Documents/Unreal Projects/ShooterGame/Content/Animations/Blendspaces/BS_Rifle_Sprint.uasset" 700
"D:/Documents/Unreal Projects/ShooterGame/Content/Animations/AnimBP_Character.uasset" 701
"D:/Documents/Unreal Projects/ShooterGame/Content/Animations/A_Fire_Shotgun_Hip.uasset" 702
"D:/Documents/Unreal Projects/ShooterGame/Content/Animations/Montages/AM_Weapon_Hip_Fire_Shotgun.uasset" 703
"D:/Documents/Unreal Projects/ShooterGame/Content/MilitaryWeapSilver/Weapons/Shotgun_A_PhysicsAsset.uasset" 704
"D:/Documents/Unreal Projects/ShooterGame/Content/MilitaryWeapSilver/Weapons/Shotgun_A.uasset" 705
"D:/Documents/Unreal Projects/ShooterGame/Content/Blueprints/Weapons/BP_Shotgun.uasset" 706
"../../../Engine/Content/Functions/MaterialLayerFunctions/MatLayerBlend_AO.uasset" 707
"../../../Engine/Content/Functions/Engine_MaterialFunctions02/Utility/BlendAngleCorrectedNormals.uasset" 708
"../../../Engine/Content/Functions/MaterialLayerFunctions/MatLayerBlend_NormalBlend.uasset" 709
"../../../Engine/Content/Functions/MaterialLayerFunctions/MatLayerBlend_Simple.uasset" 710
"D:/Documents/Unreal Projects/ShooterGame/Content/Characters/UE4_Mannequin/Materials/MaterialLayers/T_ML_Rubber_Blue_01_D.uasset" 711
"D:/Documents/Unreal Projects/ShooterGame/Content/Characters/UE4_Mannequin/Materials/MaterialLayers/T_ML_Rubber_Blue_01_N.uasset" 712
"D:/Documents/Unreal Projects/ShooterGame/Content/Characters/UE4_Mannequin/Materials/MaterialLayers/MF_GlossyBlack_Latex_UE4.uasset" 713
"D:/Documents/Unreal Projects/ShooterGame/Content/Characters/UE4_Mannequin/Materials/MaterialLayers/MF_Plastic_Shiny_Beige.uasset" 714
"D:/Documents/Unreal Projects/ShooterGame/Content/Characters/UE4_Mannequin/Textures/T_UE4_LOGO_CARD.uasset" 715
"D:/Documents/Unreal Projects/ShooterGame/Content/Characters/UE4_Mannequin/Materials/MaterialLayers/MF_Plastic_Shiny_Beige_LOGO.uasset" 716
"D:/Documents/Unreal Projects/ShooterGame/Content/Characters/UE4_Mannequin/Materials/MaterialLayers/T_ML_Aluminum01.uasset" 717
"D:/Documents/Unreal Projects/ShooterGame/Content/Characters/UE4_Mannequin/Materials/MaterialLayers/T_ML_Aluminum01_N.uasset" 718
"D:/Documents/Unreal Projects/ShooterGame/Content/Characters/UE4_Mannequin/Materials/MaterialLayers/MF_SoftMetal_UE4.uasset" 719
"D:/Documents/Unreal Projects/ShooterGame/Content/Characters/UE4_Mannequin/Textures/T_UE4_Mannequin_MAT_MASKA.uasset" 720
"D:/Documents/Unreal Projects/ShooterGame/Content/Characters/UE4_Mannequin/Textures/T_UE4_Mannequin_N.uasset" 721
"D:/Documents/Unreal Projects/ShooterGame/Content/Characters/UE4_Mannequin/Textures/T_UE4_Mannequin_occlusion_Mobile.uasset" 722
"D:/Documents/Unreal Projects/ShooterGame/Content/Characters/UE4_Mannequin/Materials/M_UE4Man_Body.uasset" 723
"D:/Documents/Unreal Projects/ShooterGame/Content/Characters/UE4_Mannequin/Textures/T_UE4Man_Logo_N.uasset" 724
"D:/Documents/Unreal Projects/ShooterGame/Content/Characters/UE4_Mannequin/Materials/MI_UE4Man_ChestLogo.uasset" 725
"D:/Documents/Unreal Projects/ShooterGame/Content/Characters/UE4_Mannequin/Mesh/PHYS_Mannequin.uasset" 726
"D:/Documents/Unreal Projects/ShooterGame/Content/Characters/UE4_Mannequin/Mesh/SK_Mannequin.uasset" 727
"D:/Documents/Unreal Projects/ShooterGame/Content/Textures/FirstPersonCrosshair.uasset" 728
"D:/Documents/Unreal Projects/ShooterGame/Content/UI/WBP_HUD.uasset" 729
"D:/Documents/Unreal Projects/ShooterGame/Content/Blueprints/BP_Player.uasset" 730
"../../../Engine/Content/EditorBlueprintResources/StandardMacros.uasset" 731
"../../../Engine/Content/EngineSky/C_Sky_Cloud_Color.uasset" 732
"../../../Engine/Content/EngineSky/C_Sky_Horizon_Color.uasset" 733
"../../../Engine/Content/EngineSky/C_Sky_Zenith_Color.uasset" 734
"../../../Engine/Content/EngineSky/T_Sky_Blue.uasset" 735
"../../../Engine/Content/EngineSky/T_Sky_Clouds_M.uasset" 736
"../../../Engine/Content/EngineSky/T_Sky_Stars.uasset" 737
"../../../Engine/Content/EngineSky/M_Sky_Panning_Clouds2.uasset" 738
"../../../Engine/Content/EngineSky/SM_SkySphere.uasset" 739
"../../../Engine/Content/EngineSky/BP_Sky_Sphere.uasset" 740
"D:/Documents/Unreal Projects/ShooterGame/Content/Blueprints/BP_ShooterGameModeBase.uasset" 741
"D:/Documents/Unreal Projects/ShooterGame/Content/Maps/Testing_BuiltData.uasset" 742
"../../../Engine/Content/MapTemplates/SM_Template_Map_Floor.uasset" 743
"D:/Documents/Unreal Projects/ShooterGame/Content/Maps/Testing.umap" 744
"../../../Engine/Content/Maps/Entry_BuiltData.uasset" 745
"../../../Engine/Content/Maps/Entry.umap" 746
